{"D:\\Truminds\\Hyperbus\\Github-HBA\\HBA\\dh-node-js\\app\\config\\db\\postgresdb.config.js": {"path":"D:\\Truminds\\Hyperbus\\Github-HBA\\HBA\\dh-node-js\\app\\config\\db\\postgresdb.config.js","statementMap":{"0":{"start":{"line":1,"column":51},"end":{"line":1,"column":62}},"1":{"start":{"line":3,"column":0},"end":{"line":15,"column":2}}},"fnMap":{},"branchMap":{},"s":{"0":9,"1":9},"f":{},"b":{},"_coverageSchema":"1a1c01bbd47fc00a2c39e90264f33305004495a9","hash":"7fa74fc4eb2e39c161ca19383a3cbbb651979cb9"}
,"D:\\Truminds\\Hyperbus\\Github-HBA\\HBA\\dh-node-js\\app\\config\\logger\\logger.js": {"path":"D:\\Truminds\\Hyperbus\\Github-HBA\\HBA\\dh-node-js\\app\\config\\logger\\logger.js","statementMap":{"0":{"start":{"line":7,"column":48},"end":{"line":7,"column":66}},"1":{"start":{"line":8,"column":0},"end":{"line":8,"column":37}},"2":{"start":{"line":9,"column":16},"end":{"line":9,"column":34}},"3":{"start":{"line":19,"column":16},"end":{"line":46,"column":1}},"4":{"start":{"line":48,"column":18},"end":{"line":53,"column":8}},"5":{"start":{"line":52,"column":16},"end":{"line":52,"column":83}},"6":{"start":{"line":55,"column":20},"end":{"line":55,"column":64}},"7":{"start":{"line":56,"column":24},"end":{"line":56,"column":73}},"8":{"start":{"line":58,"column":0},"end":{"line":60,"column":3}},"9":{"start":{"line":59,"column":4},"end":{"line":59,"column":53}},"10":{"start":{"line":62,"column":0},"end":{"line":64,"column":3}},"11":{"start":{"line":63,"column":4},"end":{"line":63,"column":53}},"12":{"start":{"line":68,"column":15},"end":{"line":74,"column":2}},"13":{"start":{"line":77,"column":19},"end":{"line":83,"column":2}},"14":{"start":{"line":85,"column":0},"end":{"line":88,"column":2}}},"fnMap":{"0":{"name":"(anonymous_0)","decl":{"start":{"line":52,"column":8},"end":{"line":52,"column":9}},"loc":{"start":{"line":52,"column":16},"end":{"line":52,"column":83}},"line":52},"1":{"name":"(anonymous_1)","decl":{"start":{"line":58,"column":27},"end":{"line":58,"column":28}},"loc":{"start":{"line":58,"column":62},"end":{"line":60,"column":1}},"line":58},"2":{"name":"(anonymous_2)","decl":{"start":{"line":62,"column":31},"end":{"line":62,"column":32}},"loc":{"start":{"line":62,"column":66},"end":{"line":64,"column":1}},"line":62}},"branchMap":{},"s":{"0":9,"1":9,"2":9,"3":9,"4":9,"5":33,"6":9,"7":9,"8":9,"9":0,"10":9,"11":0,"12":9,"13":9,"14":9},"f":{"0":33,"1":0,"2":0},"b":{},"_coverageSchema":"1a1c01bbd47fc00a2c39e90264f33305004495a9","hash":"d2bab5c4c694ff239e60913f0b560f15919656aa"}
,"D:\\Truminds\\Hyperbus\\Github-HBA\\HBA\\dh-node-js\\app\\config\\swagger\\swagger.config.js": {"path":"D:\\Truminds\\Hyperbus\\Github-HBA\\HBA\\dh-node-js\\app\\config\\swagger\\swagger.config.js","statementMap":{"0":{"start":{"line":6,"column":23},"end":{"line":6,"column":62}},"1":{"start":{"line":7,"column":13},"end":{"line":16,"column":1}},"2":{"start":{"line":17,"column":12},"end":{"line":36,"column":1}},"3":{"start":{"line":37,"column":18},"end":{"line":84,"column":1}},"4":{"start":{"line":39,"column":14},"end":{"line":61,"column":5}},"5":{"start":{"line":63,"column":4},"end":{"line":80,"column":5}},"6":{"start":{"line":64,"column":8},"end":{"line":79,"column":10}},"7":{"start":{"line":83,"column":4},"end":{"line":83,"column":15}},"8":{"start":{"line":85,"column":20},"end":{"line":101,"column":1}},"9":{"start":{"line":103,"column":9},"end":{"line":125,"column":1}},"10":{"start":{"line":127,"column":0},"end":{"line":160,"column":1}},"11":{"start":{"line":128,"column":4},"end":{"line":151,"column":7}},"12":{"start":{"line":129,"column":18},"end":{"line":129,"column":33}},"13":{"start":{"line":130,"column":8},"end":{"line":130,"column":31}},"14":{"start":{"line":130,"column":20},"end":{"line":130,"column":29}},"15":{"start":{"line":131,"column":8},"end":{"line":138,"column":10}},"16":{"start":{"line":141,"column":8},"end":{"line":145,"column":9}},"17":{"start":{"line":142,"column":12},"end":{"line":144,"column":15}},"18":{"start":{"line":146,"column":8},"end":{"line":146,"column":70}},"19":{"start":{"line":146,"column":28},"end":{"line":146,"column":68}},"20":{"start":{"line":147,"column":8},"end":{"line":147,"column":55}},"21":{"start":{"line":147,"column":23},"end":{"line":147,"column":53}},"22":{"start":{"line":149,"column":8},"end":{"line":149,"column":30}},"23":{"start":{"line":162,"column":0},"end":{"line":188,"column":1}},"24":{"start":{"line":163,"column":17},"end":{"line":163,"column":93}},"25":{"start":{"line":164,"column":4},"end":{"line":186,"column":5}},"26":{"start":{"line":165,"column":8},"end":{"line":185,"column":9}},"27":{"start":{"line":167,"column":12},"end":{"line":184,"column":13}},"28":{"start":{"line":168,"column":16},"end":{"line":176,"column":18}},"29":{"start":{"line":169,"column":20},"end":{"line":175,"column":21}},"30":{"start":{"line":170,"column":24},"end":{"line":170,"column":52}},"31":{"start":{"line":172,"column":25},"end":{"line":175,"column":21}},"32":{"start":{"line":173,"column":34},"end":{"line":173,"column":79}},"33":{"start":{"line":174,"column":24},"end":{"line":174,"column":52}},"34":{"start":{"line":179,"column":32},"end":{"line":179,"column":42}},"35":{"start":{"line":180,"column":16},"end":{"line":180,"column":38}},"36":{"start":{"line":181,"column":16},"end":{"line":183,"column":17}},"37":{"start":{"line":182,"column":20},"end":{"line":182,"column":56}},"38":{"start":{"line":187,"column":4},"end":{"line":187,"column":21}},"39":{"start":{"line":190,"column":0},"end":{"line":195,"column":1}}},"fnMap":{"0":{"name":"(anonymous_0)","decl":{"start":{"line":37,"column":18},"end":{"line":37,"column":19}},"loc":{"start":{"line":37,"column":113},"end":{"line":84,"column":1}},"line":37},"1":{"name":"(anonymous_1)","decl":{"start":{"line":127,"column":15},"end":{"line":127,"column":16}},"loc":{"start":{"line":127,"column":25},"end":{"line":160,"column":1}},"line":127},"2":{"name":"(anonymous_2)","decl":{"start":{"line":128,"column":22},"end":{"line":128,"column":23}},"loc":{"start":{"line":128,"column":29},"end":{"line":151,"column":5}},"line":128},"3":{"name":"(anonymous_3)","decl":{"start":{"line":162,"column":12},"end":{"line":162,"column":13}},"loc":{"start":{"line":162,"column":34},"end":{"line":188,"column":1}},"line":162},"4":{"name":"(anonymous_4)","decl":{"start":{"line":168,"column":34},"end":{"line":168,"column":35}},"loc":{"start":{"line":168,"column":41},"end":{"line":176,"column":17}},"line":168}},"branchMap":{"0":{"loc":{"start":{"line":37,"column":21},"end":{"line":37,"column":35}},"type":"default-arg","locations":[{"start":{"line":37,"column":29},"end":{"line":37,"column":35}}],"line":37},"1":{"loc":{"start":{"line":37,"column":37},"end":{"line":37,"column":106}},"type":"default-arg","locations":[{"start":{"line":37,"column":45},"end":{"line":37,"column":106}}],"line":37},"2":{"loc":{"start":{"line":47,"column":27},"end":{"line":47,"column":68}},"type":"binary-expr","locations":[{"start":{"line":47,"column":27},"end":{"line":47,"column":46}},{"start":{"line":47,"column":50},"end":{"line":47,"column":62}},{"start":{"line":47,"column":66},"end":{"line":47,"column":68}}],"line":47},"3":{"loc":{"start":{"line":68,"column":29},"end":{"line":77,"column":100}},"type":"cond-expr","locations":[{"start":{"line":68,"column":44},"end":{"line":77,"column":17}},{"start":{"line":77,"column":21},"end":{"line":77,"column":100}}],"line":68},"4":{"loc":{"start":{"line":130,"column":8},"end":{"line":130,"column":31}},"type":"if","locations":[{"start":{"line":130,"column":8},"end":{"line":130,"column":31}},{"start":{},"end":{}}],"line":130},"5":{"loc":{"start":{"line":135,"column":24},"end":{"line":137,"column":18}},"type":"cond-expr","locations":[{"start":{"line":136,"column":16},"end":{"line":136,"column":83}},{"start":{"line":137,"column":16},"end":{"line":137,"column":18}}],"line":135},"6":{"loc":{"start":{"line":136,"column":40},"end":{"line":136,"column":58}},"type":"binary-expr","locations":[{"start":{"line":136,"column":40},"end":{"line":136,"column":48}},{"start":{"line":136,"column":52},"end":{"line":136,"column":58}}],"line":136},"7":{"loc":{"start":{"line":141,"column":8},"end":{"line":145,"column":9}},"type":"if","locations":[{"start":{"line":141,"column":8},"end":{"line":145,"column":9}},{"start":{},"end":{}}],"line":141},"8":{"loc":{"start":{"line":146,"column":8},"end":{"line":146,"column":70}},"type":"if","locations":[{"start":{"line":146,"column":8},"end":{"line":146,"column":70}},{"start":{},"end":{}}],"line":146},"9":{"loc":{"start":{"line":147,"column":8},"end":{"line":147,"column":55}},"type":"if","locations":[{"start":{"line":147,"column":8},"end":{"line":147,"column":55}},{"start":{},"end":{}}],"line":147},"10":{"loc":{"start":{"line":164,"column":4},"end":{"line":186,"column":5}},"type":"if","locations":[{"start":{"line":164,"column":4},"end":{"line":186,"column":5}},{"start":{},"end":{}}],"line":164},"11":{"loc":{"start":{"line":167,"column":12},"end":{"line":184,"column":13}},"type":"if","locations":[{"start":{"line":167,"column":12},"end":{"line":184,"column":13}},{"start":{"line":178,"column":17},"end":{"line":184,"column":13}}],"line":167},"12":{"loc":{"start":{"line":169,"column":20},"end":{"line":175,"column":21}},"type":"if","locations":[{"start":{"line":169,"column":20},"end":{"line":175,"column":21}},{"start":{"line":172,"column":25},"end":{"line":175,"column":21}}],"line":169},"13":{"loc":{"start":{"line":172,"column":25},"end":{"line":175,"column":21}},"type":"if","locations":[{"start":{"line":172,"column":25},"end":{"line":175,"column":21}},{"start":{},"end":{}}],"line":172},"14":{"loc":{"start":{"line":181,"column":16},"end":{"line":183,"column":17}},"type":"if","locations":[{"start":{"line":181,"column":16},"end":{"line":183,"column":17}},{"start":{},"end":{}}],"line":181}},"s":{"0":1,"1":1,"2":1,"3":1,"4":0,"5":0,"6":0,"7":0,"8":1,"9":1,"10":1,"11":0,"12":0,"13":0,"14":0,"15":0,"16":0,"17":0,"18":0,"19":0,"20":0,"21":0,"22":0,"23":1,"24":0,"25":0,"26":0,"27":0,"28":0,"29":0,"30":0,"31":0,"32":0,"33":0,"34":0,"35":0,"36":0,"37":0,"38":0,"39":1},"f":{"0":0,"1":0,"2":0,"3":0,"4":0},"b":{"0":[0],"1":[0],"2":[0,0,0],"3":[0,0],"4":[0,0],"5":[0,0],"6":[0,0],"7":[0,0],"8":[0,0],"9":[0,0],"10":[0,0],"11":[0,0],"12":[0,0],"13":[0,0],"14":[0,0]},"_coverageSchema":"1a1c01bbd47fc00a2c39e90264f33305004495a9","hash":"397df7e6c3dd97a3bccd7f701eb19add41ff246e"}
,"D:\\Truminds\\Hyperbus\\Github-HBA\\HBA\\dh-node-js\\app\\controllers\\excel.controller.js": {"path":"D:\\Truminds\\Hyperbus\\Github-HBA\\HBA\\dh-node-js\\app\\controllers\\excel.controller.js","statementMap":{"0":{"start":{"line":8,"column":16},"end":{"line":8,"column":34}},"1":{"start":{"line":9,"column":13},"end":{"line":9,"column":28}},"2":{"start":{"line":10,"column":19},"end":{"line":10,"column":32}},"3":{"start":{"line":11,"column":13},"end":{"line":11,"column":29}},"4":{"start":{"line":13,"column":18},"end":{"line":13,"column":61}},"5":{"start":{"line":14,"column":22},"end":{"line":14,"column":58}},"6":{"start":{"line":15,"column":19},"end":{"line":15,"column":51}},"7":{"start":{"line":16,"column":27},"end":{"line":16,"column":68}},"8":{"start":{"line":17,"column":25},"end":{"line":17,"column":58}},"9":{"start":{"line":18,"column":20},"end":{"line":18,"column":50}},"10":{"start":{"line":19,"column":11},"end":{"line":19,"column":31}},"11":{"start":{"line":20,"column":19},"end":{"line":20,"column":53}},"12":{"start":{"line":21,"column":14},"end":{"line":21,"column":22}},"13":{"start":{"line":23,"column":0},"end":{"line":32,"column":3}},"14":{"start":{"line":24,"column":2},"end":{"line":24,"column":58}},"15":{"start":{"line":25,"column":2},"end":{"line":31,"column":7}},"16":{"start":{"line":27,"column":6},"end":{"line":27,"column":59}},"17":{"start":{"line":30,"column":6},"end":{"line":30,"column":48}},"18":{"start":{"line":34,"column":0},"end":{"line":43,"column":3}},"19":{"start":{"line":35,"column":2},"end":{"line":35,"column":58}},"20":{"start":{"line":36,"column":2},"end":{"line":42,"column":7}},"21":{"start":{"line":38,"column":6},"end":{"line":38,"column":57}},"22":{"start":{"line":41,"column":6},"end":{"line":41,"column":48}},"23":{"start":{"line":56,"column":0},"end":{"line":83,"column":3}},"24":{"start":{"line":57,"column":2},"end":{"line":57,"column":58}},"25":{"start":{"line":58,"column":2},"end":{"line":82,"column":3}},"26":{"start":{"line":59,"column":19},"end":{"line":59,"column":57}},"27":{"start":{"line":60,"column":4},"end":{"line":60,"column":61}},"28":{"start":{"line":61,"column":4},"end":{"line":77,"column":5}},"29":{"start":{"line":62,"column":6},"end":{"line":73,"column":10}},"30":{"start":{"line":64,"column":10},"end":{"line":64,"column":43}},"31":{"start":{"line":65,"column":10},"end":{"line":67,"column":71}},"32":{"start":{"line":68,"column":10},"end":{"line":68,"column":40}},"33":{"start":{"line":71,"column":10},"end":{"line":71,"column":65}},"34":{"start":{"line":72,"column":10},"end":{"line":72,"column":86}},"35":{"start":{"line":75,"column":6},"end":{"line":75,"column":44}},"36":{"start":{"line":76,"column":6},"end":{"line":76,"column":68}},"37":{"start":{"line":80,"column":4},"end":{"line":80,"column":21}},"38":{"start":{"line":81,"column":4},"end":{"line":81,"column":27}},"39":{"start":{"line":85,"column":0},"end":{"line":85,"column":24}}},"fnMap":{"0":{"name":"(anonymous_0)","decl":{"start":{"line":23,"column":85},"end":{"line":23,"column":86}},"loc":{"start":{"line":23,"column":99},"end":{"line":32,"column":1}},"line":23},"1":{"name":"(anonymous_1)","decl":{"start":{"line":26,"column":10},"end":{"line":26,"column":11}},"loc":{"start":{"line":26,"column":21},"end":{"line":28,"column":5}},"line":26},"2":{"name":"(anonymous_2)","decl":{"start":{"line":29,"column":11},"end":{"line":29,"column":12}},"loc":{"start":{"line":29,"column":20},"end":{"line":31,"column":5}},"line":29},"3":{"name":"(anonymous_3)","decl":{"start":{"line":34,"column":67},"end":{"line":34,"column":68}},"loc":{"start":{"line":34,"column":81},"end":{"line":43,"column":1}},"line":34},"4":{"name":"(anonymous_4)","decl":{"start":{"line":37,"column":10},"end":{"line":37,"column":11}},"loc":{"start":{"line":37,"column":21},"end":{"line":39,"column":5}},"line":37},"5":{"name":"(anonymous_5)","decl":{"start":{"line":40,"column":11},"end":{"line":40,"column":12}},"loc":{"start":{"line":40,"column":20},"end":{"line":42,"column":5}},"line":40},"6":{"name":"(anonymous_6)","decl":{"start":{"line":56,"column":37},"end":{"line":56,"column":38}},"loc":{"start":{"line":56,"column":51},"end":{"line":83,"column":1}},"line":56},"7":{"name":"(anonymous_7)","decl":{"start":{"line":63,"column":14},"end":{"line":63,"column":15}},"loc":{"start":{"line":63,"column":20},"end":{"line":69,"column":9}},"line":63},"8":{"name":"(anonymous_8)","decl":{"start":{"line":70,"column":15},"end":{"line":70,"column":16}},"loc":{"start":{"line":70,"column":24},"end":{"line":73,"column":9}},"line":70}},"branchMap":{"0":{"loc":{"start":{"line":59,"column":19},"end":{"line":59,"column":57}},"type":"binary-expr","locations":[{"start":{"line":59,"column":19},"end":{"line":59,"column":22}},{"start":{"line":59,"column":26},"end":{"line":59,"column":35}},{"start":{"line":59,"column":39},"end":{"line":59,"column":57}}],"line":59},"1":{"loc":{"start":{"line":61,"column":4},"end":{"line":77,"column":5}},"type":"if","locations":[{"start":{"line":61,"column":4},"end":{"line":77,"column":5}},{"start":{"line":74,"column":11},"end":{"line":77,"column":5}}],"line":61}},"s":{"0":1,"1":1,"2":1,"3":1,"4":1,"5":1,"6":1,"7":1,"8":1,"9":1,"10":1,"11":1,"12":1,"13":1,"14":0,"15":0,"16":0,"17":0,"18":1,"19":0,"20":0,"21":0,"22":0,"23":1,"24":0,"25":0,"26":0,"27":0,"28":0,"29":0,"30":0,"31":0,"32":0,"33":0,"34":0,"35":0,"36":0,"37":0,"38":0,"39":1},"f":{"0":0,"1":0,"2":0,"3":0,"4":0,"5":0,"6":0,"7":0,"8":0},"b":{"0":[0,0,0],"1":[0,0]},"_coverageSchema":"1a1c01bbd47fc00a2c39e90264f33305004495a9","hash":"7e2989a98c6b4ea160c219c674f45904ef98b23d"}
,"D:\\Truminds\\Hyperbus\\Github-HBA\\HBA\\dh-node-js\\app\\helpers\\excel.helper.js": {"path":"D:\\Truminds\\Hyperbus\\Github-HBA\\HBA\\dh-node-js\\app\\helpers\\excel.helper.js","statementMap":{"0":{"start":{"line":1,"column":19},"end":{"line":1,"column":53}},"1":{"start":{"line":3,"column":24},"end":{"line":18,"column":1}},"2":{"start":{"line":4,"column":4},"end":{"line":17,"column":5}},"3":{"start":{"line":5,"column":8},"end":{"line":14,"column":9}},"4":{"start":{"line":11,"column":12},"end":{"line":11,"column":25}},"5":{"start":{"line":13,"column":12},"end":{"line":13,"column":24}},"6":{"start":{"line":16,"column":8},"end":{"line":16,"column":24}},"7":{"start":{"line":20,"column":25},"end":{"line":39,"column":1}},"8":{"start":{"line":21,"column":4},"end":{"line":38,"column":5}},"9":{"start":{"line":22,"column":21},"end":{"line":22,"column":23}},"10":{"start":{"line":23,"column":8},"end":{"line":25,"column":9}},"11":{"start":{"line":24,"column":12},"end":{"line":24,"column":38}},"12":{"start":{"line":26,"column":8},"end":{"line":28,"column":9}},"13":{"start":{"line":27,"column":12},"end":{"line":27,"column":38}},"14":{"start":{"line":29,"column":8},"end":{"line":31,"column":9}},"15":{"start":{"line":30,"column":12},"end":{"line":30,"column":45}},"16":{"start":{"line":32,"column":8},"end":{"line":34,"column":9}},"17":{"start":{"line":33,"column":12},"end":{"line":33,"column":36}},"18":{"start":{"line":35,"column":9},"end":{"line":35,"column":23}},"19":{"start":{"line":37,"column":8},"end":{"line":37,"column":18}},"20":{"start":{"line":41,"column":24},"end":{"line":65,"column":1}},"21":{"start":{"line":42,"column":4},"end":{"line":64,"column":5}},"22":{"start":{"line":43,"column":27},"end":{"line":53,"column":9}},"23":{"start":{"line":55,"column":8},"end":{"line":60,"column":9}},"24":{"start":{"line":56,"column":12},"end":{"line":56,"column":24}},"25":{"start":{"line":59,"column":12},"end":{"line":59,"column":25}},"26":{"start":{"line":63,"column":8},"end":{"line":63,"column":19}},"27":{"start":{"line":67,"column":20},"end":{"line":80,"column":1}},"28":{"start":{"line":68,"column":4},"end":{"line":79,"column":5}},"29":{"start":{"line":69,"column":8},"end":{"line":71,"column":9}},"30":{"start":{"line":70,"column":12},"end":{"line":70,"column":25}},"31":{"start":{"line":72,"column":8},"end":{"line":76,"column":9}},"32":{"start":{"line":73,"column":12},"end":{"line":73,"column":24}},"33":{"start":{"line":75,"column":12},"end":{"line":75,"column":25}},"34":{"start":{"line":78,"column":8},"end":{"line":78,"column":25}},"35":{"start":{"line":82,"column":0},"end":{"line":87,"column":1}}},"fnMap":{"0":{"name":"(anonymous_0)","decl":{"start":{"line":3,"column":24},"end":{"line":3,"column":25}},"loc":{"start":{"line":3,"column":33},"end":{"line":18,"column":1}},"line":3},"1":{"name":"(anonymous_1)","decl":{"start":{"line":20,"column":25},"end":{"line":20,"column":26}},"loc":{"start":{"line":20,"column":34},"end":{"line":39,"column":1}},"line":20},"2":{"name":"(anonymous_2)","decl":{"start":{"line":41,"column":24},"end":{"line":41,"column":25}},"loc":{"start":{"line":41,"column":37},"end":{"line":65,"column":1}},"line":41},"3":{"name":"(anonymous_3)","decl":{"start":{"line":67,"column":20},"end":{"line":67,"column":21}},"loc":{"start":{"line":67,"column":44},"end":{"line":80,"column":1}},"line":67}},"branchMap":{"0":{"loc":{"start":{"line":5,"column":8},"end":{"line":14,"column":9}},"type":"if","locations":[{"start":{"line":5,"column":8},"end":{"line":14,"column":9}},{"start":{"line":12,"column":15},"end":{"line":14,"column":9}}],"line":5},"1":{"loc":{"start":{"line":5,"column":13},"end":{"line":10,"column":59}},"type":"binary-expr","locations":[{"start":{"line":5,"column":13},"end":{"line":5,"column":26}},{"start":{"line":6,"column":12},"end":{"line":6,"column":25}},{"start":{"line":7,"column":12},"end":{"line":7,"column":32}},{"start":{"line":8,"column":12},"end":{"line":8,"column":24}},{"start":{"line":9,"column":12},"end":{"line":9,"column":45}},{"start":{"line":9,"column":49},"end":{"line":9,"column":80}},{"start":{"line":10,"column":12},"end":{"line":10,"column":59}}],"line":5},"2":{"loc":{"start":{"line":23,"column":8},"end":{"line":25,"column":9}},"type":"if","locations":[{"start":{"line":23,"column":8},"end":{"line":25,"column":9}},{"start":{},"end":{}}],"line":23},"3":{"loc":{"start":{"line":26,"column":8},"end":{"line":28,"column":9}},"type":"if","locations":[{"start":{"line":26,"column":8},"end":{"line":28,"column":9}},{"start":{},"end":{}}],"line":26},"4":{"loc":{"start":{"line":29,"column":8},"end":{"line":31,"column":9}},"type":"if","locations":[{"start":{"line":29,"column":8},"end":{"line":31,"column":9}},{"start":{},"end":{}}],"line":29},"5":{"loc":{"start":{"line":32,"column":8},"end":{"line":34,"column":9}},"type":"if","locations":[{"start":{"line":32,"column":8},"end":{"line":34,"column":9}},{"start":{},"end":{}}],"line":32},"6":{"loc":{"start":{"line":55,"column":8},"end":{"line":60,"column":9}},"type":"if","locations":[{"start":{"line":55,"column":8},"end":{"line":60,"column":9}},{"start":{"line":58,"column":13},"end":{"line":60,"column":9}}],"line":55},"7":{"loc":{"start":{"line":69,"column":8},"end":{"line":71,"column":9}},"type":"if","locations":[{"start":{"line":69,"column":8},"end":{"line":71,"column":9}},{"start":{},"end":{}}],"line":69},"8":{"loc":{"start":{"line":69,"column":13},"end":{"line":69,"column":33}},"type":"binary-expr","locations":[{"start":{"line":69,"column":13},"end":{"line":69,"column":22}},{"start":{"line":69,"column":26},"end":{"line":69,"column":33}}],"line":69},"9":{"loc":{"start":{"line":72,"column":8},"end":{"line":76,"column":9}},"type":"if","locations":[{"start":{"line":72,"column":8},"end":{"line":76,"column":9}},{"start":{"line":74,"column":15},"end":{"line":76,"column":9}}],"line":72},"10":{"loc":{"start":{"line":72,"column":11},"end":{"line":72,"column":71}},"type":"binary-expr","locations":[{"start":{"line":72,"column":11},"end":{"line":72,"column":40}},{"start":{"line":72,"column":44},"end":{"line":72,"column":71}}],"line":72}},"s":{"0":3,"1":3,"2":0,"3":0,"4":0,"5":0,"6":0,"7":3,"8":0,"9":0,"10":0,"11":0,"12":0,"13":0,"14":0,"15":0,"16":0,"17":0,"18":0,"19":0,"20":3,"21":0,"22":0,"23":0,"24":0,"25":0,"26":0,"27":3,"28":0,"29":0,"30":0,"31":0,"32":0,"33":0,"34":0,"35":3},"f":{"0":0,"1":0,"2":0,"3":0},"b":{"0":[0,0],"1":[0,0,0,0,0,0,0],"2":[0,0],"3":[0,0],"4":[0,0],"5":[0,0],"6":[0,0],"7":[0,0],"8":[0,0],"9":[0,0],"10":[0,0]},"_coverageSchema":"1a1c01bbd47fc00a2c39e90264f33305004495a9","hash":"f5c386bd80ace2f02850203fe10dc5aedbc05965"}
,"D:\\Truminds\\Hyperbus\\Github-HBA\\HBA\\dh-node-js\\app\\helpers\\message.helper.js": {"path":"D:\\Truminds\\Hyperbus\\Github-HBA\\HBA\\dh-node-js\\app\\helpers\\message.helper.js","statementMap":{"0":{"start":{"line":2,"column":17},"end":{"line":30,"column":1}},"1":{"start":{"line":3,"column":16},"end":{"line":27,"column":5}},"2":{"start":{"line":29,"column":4},"end":{"line":29,"column":20}},"3":{"start":{"line":32,"column":19},"end":{"line":34,"column":1}},"4":{"start":{"line":33,"column":4},"end":{"line":33,"column":31}},"5":{"start":{"line":36,"column":0},"end":{"line":38,"column":1}}},"fnMap":{"0":{"name":"(anonymous_0)","decl":{"start":{"line":2,"column":17},"end":{"line":2,"column":18}},"loc":{"start":{"line":2,"column":32},"end":{"line":30,"column":1}},"line":2},"1":{"name":"(anonymous_1)","decl":{"start":{"line":32,"column":19},"end":{"line":32,"column":20}},"loc":{"start":{"line":32,"column":34},"end":{"line":34,"column":1}},"line":32}},"branchMap":{},"s":{"0":1,"1":0,"2":0,"3":1,"4":0,"5":1},"f":{"0":0,"1":0},"b":{},"_coverageSchema":"1a1c01bbd47fc00a2c39e90264f33305004495a9","hash":"76eb7f8a4702e93b3d7afe78b6c1dbd7005bfc86"}
,"D:\\Truminds\\Hyperbus\\Github-HBA\\HBA\\dh-node-js\\app\\helpers\\request.helper.js": {"path":"D:\\Truminds\\Hyperbus\\Github-HBA\\HBA\\dh-node-js\\app\\helpers\\request.helper.js","statementMap":{"0":{"start":{"line":1,"column":19},"end":{"line":1,"column":53}},"1":{"start":{"line":2,"column":24},"end":{"line":2,"column":57}},"2":{"start":{"line":3,"column":11},"end":{"line":3,"column":31}},"3":{"start":{"line":5,"column":16},"end":{"line":5,"column":27}},"4":{"start":{"line":6,"column":18},"end":{"line":6,"column":41}},"5":{"start":{"line":8,"column":22},"end":{"line":28,"column":1}},"6":{"start":{"line":10,"column":4},"end":{"line":27,"column":5}},"7":{"start":{"line":11,"column":18},"end":{"line":23,"column":9}},"8":{"start":{"line":24,"column":8},"end":{"line":24,"column":19}},"9":{"start":{"line":26,"column":8},"end":{"line":26,"column":25}},"10":{"start":{"line":33,"column":25},"end":{"line":76,"column":1}},"11":{"start":{"line":34,"column":4},"end":{"line":75,"column":6}},"12":{"start":{"line":35,"column":8},"end":{"line":74,"column":9}},"13":{"start":{"line":36,"column":12},"end":{"line":36,"column":58}},"14":{"start":{"line":37,"column":12},"end":{"line":37,"column":56}},"15":{"start":{"line":38,"column":28},"end":{"line":38,"column":49}},"16":{"start":{"line":40,"column":12},"end":{"line":70,"column":13}},"17":{"start":{"line":41,"column":29},"end":{"line":41,"column":65}},"18":{"start":{"line":42,"column":28},"end":{"line":42,"column":69}},"19":{"start":{"line":43,"column":16},"end":{"line":62,"column":17}},"20":{"start":{"line":44,"column":20},"end":{"line":44,"column":32}},"21":{"start":{"line":46,"column":20},"end":{"line":46,"column":36}},"22":{"start":{"line":47,"column":30},"end":{"line":47,"column":32}},"23":{"start":{"line":48,"column":30},"end":{"line":48,"column":32}},"24":{"start":{"line":49,"column":20},"end":{"line":55,"column":21}},"25":{"start":{"line":50,"column":24},"end":{"line":50,"column":39}},"26":{"start":{"line":51,"column":24},"end":{"line":51,"column":52}},"27":{"start":{"line":52,"column":27},"end":{"line":55,"column":21}},"28":{"start":{"line":53,"column":24},"end":{"line":53,"column":34}},"29":{"start":{"line":54,"column":24},"end":{"line":54,"column":52}},"30":{"start":{"line":56,"column":20},"end":{"line":61,"column":21}},"31":{"start":{"line":57,"column":24},"end":{"line":57,"column":42}},"32":{"start":{"line":59,"column":24},"end":{"line":59,"column":63}},"33":{"start":{"line":60,"column":24},"end":{"line":60,"column":68}},"34":{"start":{"line":63,"column":16},"end":{"line":63,"column":75}},"35":{"start":{"line":64,"column":16},"end":{"line":64,"column":53}},"36":{"start":{"line":65,"column":16},"end":{"line":65,"column":58}},"37":{"start":{"line":66,"column":16},"end":{"line":66,"column":38}},"38":{"start":{"line":68,"column":16},"end":{"line":68,"column":49}},"39":{"start":{"line":69,"column":16},"end":{"line":69,"column":51}},"40":{"start":{"line":72,"column":12},"end":{"line":72,"column":44}},"41":{"start":{"line":73,"column":12},"end":{"line":73,"column":29}},"42":{"start":{"line":80,"column":27},"end":{"line":107,"column":1}},"43":{"start":{"line":81,"column":4},"end":{"line":106,"column":6}},"44":{"start":{"line":82,"column":8},"end":{"line":105,"column":9}},"45":{"start":{"line":83,"column":12},"end":{"line":83,"column":60}},"46":{"start":{"line":84,"column":28},"end":{"line":84,"column":30}},"47":{"start":{"line":85,"column":28},"end":{"line":91,"column":14}},"48":{"start":{"line":92,"column":12},"end":{"line":98,"column":13}},"49":{"start":{"line":93,"column":16},"end":{"line":93,"column":63}},"50":{"start":{"line":95,"column":16},"end":{"line":95,"column":46}},"51":{"start":{"line":97,"column":16},"end":{"line":97,"column":62}},"52":{"start":{"line":99,"column":12},"end":{"line":99,"column":53}},"53":{"start":{"line":100,"column":12},"end":{"line":100,"column":31}},"54":{"start":{"line":103,"column":12},"end":{"line":103,"column":44}},"55":{"start":{"line":104,"column":12},"end":{"line":104,"column":23}},"56":{"start":{"line":109,"column":0},"end":{"line":113,"column":1}}},"fnMap":{"0":{"name":"(anonymous_0)","decl":{"start":{"line":8,"column":22},"end":{"line":8,"column":23}},"loc":{"start":{"line":9,"column":69},"end":{"line":28,"column":1}},"line":9},"1":{"name":"(anonymous_1)","decl":{"start":{"line":33,"column":25},"end":{"line":33,"column":26}},"loc":{"start":{"line":33,"column":36},"end":{"line":76,"column":1}},"line":33},"2":{"name":"(anonymous_2)","decl":{"start":{"line":34,"column":23},"end":{"line":34,"column":24}},"loc":{"start":{"line":34,"column":44},"end":{"line":75,"column":5}},"line":34},"3":{"name":"(anonymous_3)","decl":{"start":{"line":80,"column":27},"end":{"line":80,"column":28}},"loc":{"start":{"line":80,"column":33},"end":{"line":107,"column":1}},"line":80},"4":{"name":"(anonymous_4)","decl":{"start":{"line":81,"column":23},"end":{"line":81,"column":24}},"loc":{"start":{"line":81,"column":50},"end":{"line":106,"column":5}},"line":81}},"branchMap":{"0":{"loc":{"start":{"line":14,"column":25},"end":{"line":14,"column":136}},"type":"cond-expr","locations":[{"start":{"line":14,"column":51},"end":{"line":14,"column":77}},{"start":{"line":14,"column":81},"end":{"line":14,"column":135}}],"line":14},"1":{"loc":{"start":{"line":14,"column":26},"end":{"line":14,"column":47}},"type":"binary-expr","locations":[{"start":{"line":14,"column":26},"end":{"line":14,"column":35}},{"start":{"line":14,"column":39},"end":{"line":14,"column":47}}],"line":14},"2":{"loc":{"start":{"line":14,"column":81},"end":{"line":14,"column":135}},"type":"cond-expr","locations":[{"start":{"line":14,"column":95},"end":{"line":14,"column":104}},{"start":{"line":14,"column":107},"end":{"line":14,"column":135}}],"line":14},"3":{"loc":{"start":{"line":14,"column":107},"end":{"line":14,"column":135}},"type":"cond-expr","locations":[{"start":{"line":14,"column":120},"end":{"line":14,"column":128}},{"start":{"line":14,"column":131},"end":{"line":14,"column":135}}],"line":14},"4":{"loc":{"start":{"line":15,"column":30},"end":{"line":15,"column":72}},"type":"cond-expr","locations":[{"start":{"line":15,"column":49},"end":{"line":15,"column":65}},{"start":{"line":15,"column":68},"end":{"line":15,"column":72}}],"line":15},"5":{"loc":{"start":{"line":16,"column":22},"end":{"line":16,"column":48}},"type":"cond-expr","locations":[{"start":{"line":16,"column":33},"end":{"line":16,"column":41}},{"start":{"line":16,"column":44},"end":{"line":16,"column":48}}],"line":16},"6":{"loc":{"start":{"line":17,"column":24},"end":{"line":17,"column":54}},"type":"cond-expr","locations":[{"start":{"line":17,"column":37},"end":{"line":17,"column":47}},{"start":{"line":17,"column":50},"end":{"line":17,"column":54}}],"line":17},"7":{"loc":{"start":{"line":18,"column":23},"end":{"line":18,"column":51}},"type":"cond-expr","locations":[{"start":{"line":18,"column":35},"end":{"line":18,"column":44}},{"start":{"line":18,"column":47},"end":{"line":18,"column":51}}],"line":18},"8":{"loc":{"start":{"line":19,"column":21},"end":{"line":19,"column":45}},"type":"cond-expr","locations":[{"start":{"line":19,"column":31},"end":{"line":19,"column":38}},{"start":{"line":19,"column":41},"end":{"line":19,"column":45}}],"line":19},"9":{"loc":{"start":{"line":22,"column":27},"end":{"line":22,"column":112}},"type":"cond-expr","locations":[{"start":{"line":22,"column":44},"end":{"line":22,"column":67}},{"start":{"line":22,"column":71},"end":{"line":22,"column":111}}],"line":22},"10":{"loc":{"start":{"line":22,"column":71},"end":{"line":22,"column":111}},"type":"cond-expr","locations":[{"start":{"line":22,"column":87},"end":{"line":22,"column":104}},{"start":{"line":22,"column":107},"end":{"line":22,"column":111}}],"line":22},"11":{"loc":{"start":{"line":38,"column":28},"end":{"line":38,"column":49}},"type":"binary-expr","locations":[{"start":{"line":38,"column":28},"end":{"line":38,"column":33}},{"start":{"line":38,"column":37},"end":{"line":38,"column":49}}],"line":38},"12":{"loc":{"start":{"line":40,"column":12},"end":{"line":70,"column":13}},"type":"if","locations":[{"start":{"line":40,"column":12},"end":{"line":70,"column":13}},{"start":{"line":67,"column":19},"end":{"line":70,"column":13}}],"line":40},"13":{"loc":{"start":{"line":43,"column":16},"end":{"line":62,"column":17}},"type":"if","locations":[{"start":{"line":43,"column":16},"end":{"line":62,"column":17}},{"start":{"line":45,"column":23},"end":{"line":62,"column":17}}],"line":43},"14":{"loc":{"start":{"line":43,"column":20},"end":{"line":43,"column":43}},"type":"binary-expr","locations":[{"start":{"line":43,"column":20},"end":{"line":43,"column":26}},{"start":{"line":43,"column":30},"end":{"line":43,"column":43}}],"line":43},"15":{"loc":{"start":{"line":49,"column":20},"end":{"line":55,"column":21}},"type":"if","locations":[{"start":{"line":49,"column":20},"end":{"line":55,"column":21}},{"start":{"line":52,"column":27},"end":{"line":55,"column":21}}],"line":49},"16":{"loc":{"start":{"line":49,"column":24},"end":{"line":49,"column":66}},"type":"binary-expr","locations":[{"start":{"line":49,"column":24},"end":{"line":49,"column":29}},{"start":{"line":49,"column":33},"end":{"line":49,"column":47}},{"start":{"line":49,"column":51},"end":{"line":49,"column":66}}],"line":49},"17":{"loc":{"start":{"line":52,"column":27},"end":{"line":55,"column":21}},"type":"if","locations":[{"start":{"line":52,"column":27},"end":{"line":55,"column":21}},{"start":{},"end":{}}],"line":52},"18":{"loc":{"start":{"line":52,"column":31},"end":{"line":52,"column":55}},"type":"binary-expr","locations":[{"start":{"line":52,"column":31},"end":{"line":52,"column":36}},{"start":{"line":52,"column":40},"end":{"line":52,"column":55}}],"line":52},"19":{"loc":{"start":{"line":56,"column":20},"end":{"line":61,"column":21}},"type":"if","locations":[{"start":{"line":56,"column":20},"end":{"line":61,"column":21}},{"start":{"line":58,"column":27},"end":{"line":61,"column":21}}],"line":56},"20":{"loc":{"start":{"line":56,"column":24},"end":{"line":56,"column":76}},"type":"binary-expr","locations":[{"start":{"line":56,"column":24},"end":{"line":56,"column":34}},{"start":{"line":56,"column":38},"end":{"line":56,"column":48}},{"start":{"line":56,"column":52},"end":{"line":56,"column":62}},{"start":{"line":56,"column":66},"end":{"line":56,"column":76}}],"line":56},"21":{"loc":{"start":{"line":92,"column":12},"end":{"line":98,"column":13}},"type":"if","locations":[{"start":{"line":92,"column":12},"end":{"line":98,"column":13}},{"start":{"line":94,"column":19},"end":{"line":98,"column":13}}],"line":92}},"s":{"0":4,"1":4,"2":4,"3":4,"4":4,"5":4,"6":0,"7":0,"8":0,"9":0,"10":4,"11":0,"12":0,"13":0,"14":0,"15":0,"16":0,"17":0,"18":0,"19":0,"20":0,"21":0,"22":0,"23":0,"24":0,"25":0,"26":0,"27":0,"28":0,"29":0,"30":0,"31":0,"32":0,"33":0,"34":0,"35":0,"36":0,"37":0,"38":0,"39":0,"40":0,"41":0,"42":4,"43":0,"44":0,"45":0,"46":0,"47":0,"48":0,"49":0,"50":0,"51":0,"52":0,"53":0,"54":0,"55":0,"56":4},"f":{"0":0,"1":0,"2":0,"3":0,"4":0},"b":{"0":[0,0],"1":[0,0],"2":[0,0],"3":[0,0],"4":[0,0],"5":[0,0],"6":[0,0],"7":[0,0],"8":[0,0],"9":[0,0],"10":[0,0],"11":[0,0],"12":[0,0],"13":[0,0],"14":[0,0],"15":[0,0],"16":[0,0,0],"17":[0,0],"18":[0,0],"19":[0,0],"20":[0,0,0,0],"21":[0,0]},"_coverageSchema":"1a1c01bbd47fc00a2c39e90264f33305004495a9","hash":"8ea39a0b6749dde25ca1715362b49174cfe8ddc4"}
,"D:\\Truminds\\Hyperbus\\Github-HBA\\HBA\\dh-node-js\\app\\helpers\\util.helper.js": {"path":"D:\\Truminds\\Hyperbus\\Github-HBA\\HBA\\dh-node-js\\app\\helpers\\util.helper.js","statementMap":{"0":{"start":{"line":1,"column":17},"end":{"line":3,"column":1}},"1":{"start":{"line":2,"column":4},"end":{"line":2,"column":44}},"2":{"start":{"line":5,"column":22},"end":{"line":12,"column":1}},"3":{"start":{"line":6,"column":4},"end":{"line":10,"column":5}},"4":{"start":{"line":7,"column":8},"end":{"line":9,"column":9}},"5":{"start":{"line":8,"column":12},"end":{"line":8,"column":25}},"6":{"start":{"line":11,"column":4},"end":{"line":11,"column":16}},"7":{"start":{"line":15,"column":21},"end":{"line":21,"column":3}},"8":{"start":{"line":16,"column":4},"end":{"line":20,"column":5}},"9":{"start":{"line":17,"column":6},"end":{"line":17,"column":93}},"10":{"start":{"line":19,"column":6},"end":{"line":19,"column":62}},"11":{"start":{"line":23,"column":20},"end":{"line":25,"column":1}},"12":{"start":{"line":24,"column":2},"end":{"line":24,"column":53}},"13":{"start":{"line":28,"column":0},"end":{"line":33,"column":1}}},"fnMap":{"0":{"name":"(anonymous_0)","decl":{"start":{"line":1,"column":17},"end":{"line":1,"column":18}},"loc":{"start":{"line":1,"column":27},"end":{"line":3,"column":1}},"line":1},"1":{"name":"(anonymous_1)","decl":{"start":{"line":5,"column":22},"end":{"line":5,"column":23}},"loc":{"start":{"line":5,"column":31},"end":{"line":12,"column":1}},"line":5},"2":{"name":"(anonymous_2)","decl":{"start":{"line":15,"column":21},"end":{"line":15,"column":22}},"loc":{"start":{"line":15,"column":55},"end":{"line":21,"column":3}},"line":15},"3":{"name":"(anonymous_3)","decl":{"start":{"line":23,"column":20},"end":{"line":23,"column":21}},"loc":{"start":{"line":23,"column":30},"end":{"line":25,"column":1}},"line":23}},"branchMap":{"0":{"loc":{"start":{"line":7,"column":8},"end":{"line":9,"column":9}},"type":"if","locations":[{"start":{"line":7,"column":8},"end":{"line":9,"column":9}},{"start":{},"end":{}}],"line":7},"1":{"loc":{"start":{"line":15,"column":38},"end":{"line":15,"column":50}},"type":"default-arg","locations":[{"start":{"line":15,"column":46},"end":{"line":15,"column":50}}],"line":15},"2":{"loc":{"start":{"line":16,"column":4},"end":{"line":20,"column":5}},"type":"if","locations":[{"start":{"line":16,"column":4},"end":{"line":20,"column":5}},{"start":{"line":18,"column":11},"end":{"line":20,"column":5}}],"line":16},"3":{"loc":{"start":{"line":17,"column":17},"end":{"line":17,"column":50}},"type":"cond-expr","locations":[{"start":{"line":17,"column":32},"end":{"line":17,"column":44}},{"start":{"line":17,"column":47},"end":{"line":17,"column":50}}],"line":17}},"s":{"0":5,"1":0,"2":5,"3":0,"4":0,"5":0,"6":0,"7":5,"8":0,"9":0,"10":0,"11":5,"12":0,"13":5},"f":{"0":0,"1":0,"2":0,"3":0},"b":{"0":[0,0],"1":[0],"2":[0,0],"3":[0,0]},"_coverageSchema":"1a1c01bbd47fc00a2c39e90264f33305004495a9","hash":"8beb5cafddc810ebf677675ca78074d60bed334c"}
,"D:\\Truminds\\Hyperbus\\Github-HBA\\HBA\\dh-node-js\\app\\middlewares\\auth.js": {"path":"D:\\Truminds\\Hyperbus\\Github-HBA\\HBA\\dh-node-js\\app\\middlewares\\auth.js","statementMap":{"0":{"start":{"line":1,"column":12},"end":{"line":1,"column":35}},"1":{"start":{"line":2,"column":19},"end":{"line":2,"column":53}},"2":{"start":{"line":4,"column":15},"end":{"line":4,"column":26}},"3":{"start":{"line":6,"column":20},"end":{"line":32,"column":1}},"4":{"start":{"line":7,"column":25},"end":{"line":7,"column":53}},"5":{"start":{"line":9,"column":6},"end":{"line":30,"column":5}},"6":{"start":{"line":11,"column":23},"end":{"line":11,"column":46}},"7":{"start":{"line":13,"column":28},"end":{"line":13,"column":37}},"8":{"start":{"line":15,"column":8},"end":{"line":18,"column":9}},"9":{"start":{"line":16,"column":12},"end":{"line":16,"column":41}},"10":{"start":{"line":17,"column":12},"end":{"line":17,"column":93}},"11":{"start":{"line":19,"column":8},"end":{"line":26,"column":9}},"12":{"start":{"line":20,"column":28},"end":{"line":20,"column":70}},"13":{"start":{"line":21,"column":12},"end":{"line":21,"column":31}},"14":{"start":{"line":24,"column":12},"end":{"line":24,"column":42}},"15":{"start":{"line":25,"column":12},"end":{"line":25,"column":68}},"16":{"start":{"line":28,"column":8},"end":{"line":28,"column":43}},"17":{"start":{"line":29,"column":8},"end":{"line":29,"column":77}},"18":{"start":{"line":31,"column":4},"end":{"line":31,"column":18}},"19":{"start":{"line":34,"column":0},"end":{"line":34,"column":29}}},"fnMap":{"0":{"name":"(anonymous_0)","decl":{"start":{"line":6,"column":20},"end":{"line":6,"column":21}},"loc":{"start":{"line":6,"column":40},"end":{"line":32,"column":1}},"line":6}},"branchMap":{"0":{"loc":{"start":{"line":9,"column":6},"end":{"line":30,"column":5}},"type":"if","locations":[{"start":{"line":9,"column":6},"end":{"line":30,"column":5}},{"start":{"line":27,"column":11},"end":{"line":30,"column":5}}],"line":9},"1":{"loc":{"start":{"line":15,"column":8},"end":{"line":18,"column":9}},"type":"if","locations":[{"start":{"line":15,"column":8},"end":{"line":18,"column":9}},{"start":{},"end":{}}],"line":15}},"s":{"0":1,"1":1,"2":1,"3":1,"4":0,"5":0,"6":0,"7":0,"8":0,"9":0,"10":0,"11":0,"12":0,"13":0,"14":0,"15":0,"16":0,"17":0,"18":0,"19":1},"f":{"0":0},"b":{"0":[0,0],"1":[0,0]},"_coverageSchema":"1a1c01bbd47fc00a2c39e90264f33305004495a9","hash":"1401bb2c05ef9a7c93f872ae68267e9c43af19ab"}
,"D:\\Truminds\\Hyperbus\\Github-HBA\\HBA\\dh-node-js\\app\\middlewares\\errorHandler.js": {"path":"D:\\Truminds\\Hyperbus\\Github-HBA\\HBA\\dh-node-js\\app\\middlewares\\errorHandler.js","statementMap":{"0":{"start":{"line":6,"column":20},"end":{"line":20,"column":1}},"1":{"start":{"line":7,"column":4},"end":{"line":19,"column":5}},"2":{"start":{"line":8,"column":8},"end":{"line":10,"column":79}},"3":{"start":{"line":12,"column":9},"end":{"line":19,"column":5}},"4":{"start":{"line":13,"column":8},"end":{"line":15,"column":81}},"5":{"start":{"line":18,"column":8},"end":{"line":18,"column":82}},"6":{"start":{"line":22,"column":0},"end":{"line":22,"column":33}}},"fnMap":{"0":{"name":"(anonymous_0)","decl":{"start":{"line":6,"column":20},"end":{"line":6,"column":21}},"loc":{"start":{"line":6,"column":39},"end":{"line":20,"column":1}},"line":6}},"branchMap":{"0":{"loc":{"start":{"line":6,"column":26},"end":{"line":6,"column":34}},"type":"default-arg","locations":[{"start":{"line":6,"column":32},"end":{"line":6,"column":34}}],"line":6},"1":{"loc":{"start":{"line":7,"column":4},"end":{"line":19,"column":5}},"type":"if","locations":[{"start":{"line":7,"column":4},"end":{"line":19,"column":5}},{"start":{"line":12,"column":9},"end":{"line":19,"column":5}}],"line":7},"2":{"loc":{"start":{"line":7,"column":8},"end":{"line":7,"column":50}},"type":"binary-expr","locations":[{"start":{"line":7,"column":8},"end":{"line":7,"column":19}},{"start":{"line":7,"column":23},"end":{"line":7,"column":50}}],"line":7},"3":{"loc":{"start":{"line":12,"column":9},"end":{"line":19,"column":5}},"type":"if","locations":[{"start":{"line":12,"column":9},"end":{"line":19,"column":5}},{"start":{"line":17,"column":9},"end":{"line":19,"column":5}}],"line":12}},"s":{"0":1,"1":0,"2":0,"3":0,"4":0,"5":0,"6":1},"f":{"0":0},"b":{"0":[0],"1":[0,0],"2":[0,0],"3":[0,0]},"_coverageSchema":"1a1c01bbd47fc00a2c39e90264f33305004495a9","hash":"aa354033f158fbdf890ffb3037dd6ac142296491"}
,"D:\\Truminds\\Hyperbus\\Github-HBA\\HBA\\dh-node-js\\app\\middlewares\\responseHandler.js": {"path":"D:\\Truminds\\Hyperbus\\Github-HBA\\HBA\\dh-node-js\\app\\middlewares\\responseHandler.js","statementMap":{"0":{"start":{"line":8,"column":24},"end":{"line":8,"column":49}},"1":{"start":{"line":11,"column":23},"end":{"line":35,"column":1}},"2":{"start":{"line":12,"column":4},"end":{"line":34,"column":5}},"3":{"start":{"line":16,"column":8},"end":{"line":18,"column":79}},"4":{"start":{"line":20,"column":9},"end":{"line":34,"column":5}},"5":{"start":{"line":21,"column":8},"end":{"line":23,"column":79}},"6":{"start":{"line":25,"column":9},"end":{"line":34,"column":5}},"7":{"start":{"line":26,"column":8},"end":{"line":28,"column":79}},"8":{"start":{"line":30,"column":9},"end":{"line":34,"column":5}},"9":{"start":{"line":31,"column":8},"end":{"line":33,"column":79}},"10":{"start":{"line":37,"column":0},"end":{"line":62,"column":2}},"11":{"start":{"line":38,"column":4},"end":{"line":61,"column":6}},"12":{"start":{"line":39,"column":8},"end":{"line":58,"column":10}},"13":{"start":{"line":41,"column":12},"end":{"line":49,"column":13}},"14":{"start":{"line":42,"column":16},"end":{"line":42,"column":37}},"15":{"start":{"line":44,"column":17},"end":{"line":49,"column":13}},"16":{"start":{"line":45,"column":16},"end":{"line":45,"column":69}},"17":{"start":{"line":45,"column":64},"end":{"line":45,"column":67}},"18":{"start":{"line":48,"column":16},"end":{"line":48,"column":54}},"19":{"start":{"line":51,"column":12},"end":{"line":57,"column":19}},"20":{"start":{"line":53,"column":20},"end":{"line":53,"column":51}},"21":{"start":{"line":56,"column":20},"end":{"line":56,"column":42}},"22":{"start":{"line":60,"column":8},"end":{"line":60,"column":22}}},"fnMap":{"0":{"name":"(anonymous_0)","decl":{"start":{"line":11,"column":23},"end":{"line":11,"column":24}},"loc":{"start":{"line":11,"column":43},"end":{"line":35,"column":1}},"line":11},"1":{"name":"promiseMiddleware","decl":{"start":{"line":37,"column":26},"end":{"line":37,"column":43}},"loc":{"start":{"line":37,"column":46},"end":{"line":62,"column":1}},"line":37},"2":{"name":"(anonymous_2)","decl":{"start":{"line":38,"column":11},"end":{"line":38,"column":12}},"loc":{"start":{"line":38,"column":31},"end":{"line":61,"column":5}},"line":38},"3":{"name":"(anonymous_3)","decl":{"start":{"line":39,"column":22},"end":{"line":39,"column":23}},"loc":{"start":{"line":39,"column":29},"end":{"line":58,"column":9}},"line":39},"4":{"name":"(anonymous_4)","decl":{"start":{"line":45,"column":58},"end":{"line":45,"column":59}},"loc":{"start":{"line":45,"column":64},"end":{"line":45,"column":67}},"line":45},"5":{"name":"(anonymous_5)","decl":{"start":{"line":52,"column":22},"end":{"line":52,"column":23}},"loc":{"start":{"line":52,"column":32},"end":{"line":54,"column":17}},"line":52},"6":{"name":"(anonymous_6)","decl":{"start":{"line":55,"column":23},"end":{"line":55,"column":24}},"loc":{"start":{"line":55,"column":32},"end":{"line":57,"column":17}},"line":55}},"branchMap":{"0":{"loc":{"start":{"line":12,"column":4},"end":{"line":34,"column":5}},"type":"if","locations":[{"start":{"line":12,"column":4},"end":{"line":34,"column":5}},{"start":{"line":20,"column":9},"end":{"line":34,"column":5}}],"line":12},"1":{"loc":{"start":{"line":13,"column":8},"end":{"line":14,"column":63}},"type":"binary-expr","locations":[{"start":{"line":13,"column":8},"end":{"line":13,"column":28}},{"start":{"line":14,"column":9},"end":{"line":14,"column":30}},{"start":{"line":14,"column":34},"end":{"line":14,"column":62}}],"line":13},"2":{"loc":{"start":{"line":20,"column":9},"end":{"line":34,"column":5}},"type":"if","locations":[{"start":{"line":20,"column":9},"end":{"line":34,"column":5}},{"start":{"line":25,"column":9},"end":{"line":34,"column":5}}],"line":20},"3":{"loc":{"start":{"line":25,"column":9},"end":{"line":34,"column":5}},"type":"if","locations":[{"start":{"line":25,"column":9},"end":{"line":34,"column":5}},{"start":{"line":30,"column":9},"end":{"line":34,"column":5}}],"line":25},"4":{"loc":{"start":{"line":30,"column":9},"end":{"line":34,"column":5}},"type":"if","locations":[{"start":{"line":30,"column":9},"end":{"line":34,"column":5}},{"start":{},"end":{}}],"line":30},"5":{"loc":{"start":{"line":41,"column":12},"end":{"line":49,"column":13}},"type":"if","locations":[{"start":{"line":41,"column":12},"end":{"line":49,"column":13}},{"start":{"line":44,"column":17},"end":{"line":49,"column":13}}],"line":41},"6":{"loc":{"start":{"line":41,"column":16},"end":{"line":41,"column":33}},"type":"binary-expr","locations":[{"start":{"line":41,"column":16},"end":{"line":41,"column":22}},{"start":{"line":41,"column":26},"end":{"line":41,"column":33}}],"line":41},"7":{"loc":{"start":{"line":44,"column":17},"end":{"line":49,"column":13}},"type":"if","locations":[{"start":{"line":44,"column":17},"end":{"line":49,"column":13}},{"start":{"line":47,"column":17},"end":{"line":49,"column":13}}],"line":44}},"s":{"0":1,"1":1,"2":0,"3":0,"4":0,"5":0,"6":0,"7":0,"8":0,"9":0,"10":1,"11":2,"12":0,"13":0,"14":0,"15":0,"16":0,"17":0,"18":0,"19":0,"20":0,"21":0,"22":0},"f":{"0":0,"1":2,"2":0,"3":0,"4":0,"5":0,"6":0},"b":{"0":[0,0],"1":[0,0,0],"2":[0,0],"3":[0,0],"4":[0,0],"5":[0,0],"6":[0,0],"7":[0,0]},"_coverageSchema":"1a1c01bbd47fc00a2c39e90264f33305004495a9","hash":"d10f66bd251c1b8a5a58e157e8b0a942b90d46fe"}
,"D:\\Truminds\\Hyperbus\\Github-HBA\\HBA\\dh-node-js\\app\\middlewares\\upload.js": {"path":"D:\\Truminds\\Hyperbus\\Github-HBA\\HBA\\dh-node-js\\app\\middlewares\\upload.js","statementMap":{"0":{"start":{"line":1,"column":15},"end":{"line":1,"column":32}},"1":{"start":{"line":3,"column":20},"end":{"line":13,"column":1}},"2":{"start":{"line":4,"column":2},"end":{"line":12,"column":3}},"3":{"start":{"line":8,"column":4},"end":{"line":8,"column":19}},"4":{"start":{"line":11,"column":4},"end":{"line":11,"column":20}},"5":{"start":{"line":15,"column":17},"end":{"line":15,"column":50}},"6":{"start":{"line":16,"column":0},"end":{"line":16,"column":28}}},"fnMap":{"0":{"name":"(anonymous_0)","decl":{"start":{"line":3,"column":20},"end":{"line":3,"column":21}},"loc":{"start":{"line":3,"column":39},"end":{"line":13,"column":1}},"line":3}},"branchMap":{"0":{"loc":{"start":{"line":4,"column":2},"end":{"line":12,"column":3}},"type":"if","locations":[{"start":{"line":4,"column":2},"end":{"line":12,"column":3}},{"start":{"line":9,"column":9},"end":{"line":12,"column":3}}],"line":4},"1":{"loc":{"start":{"line":5,"column":4},"end":{"line":6,"column":43}},"type":"binary-expr","locations":[{"start":{"line":5,"column":4},"end":{"line":5,"column":35}},{"start":{"line":6,"column":4},"end":{"line":6,"column":43}}],"line":5}},"s":{"0":1,"1":1,"2":0,"3":0,"4":0,"5":1,"6":1},"f":{"0":0},"b":{"0":[0,0],"1":[0,0]},"_coverageSchema":"1a1c01bbd47fc00a2c39e90264f33305004495a9","hash":"16b520b3f2df868c5ee2cd53e6c3e8f8ba3f5c4e"}
,"D:\\Truminds\\Hyperbus\\Github-HBA\\HBA\\dh-node-js\\app\\models\\file.model.js": {"path":"D:\\Truminds\\Hyperbus\\Github-HBA\\HBA\\dh-node-js\\app\\models\\file.model.js","statementMap":{"0":{"start":{"line":1,"column":0},"end":{"line":12,"column":4}},"1":{"start":{"line":2,"column":18},"end":{"line":9,"column":6}},"2":{"start":{"line":11,"column":4},"end":{"line":11,"column":17}}},"fnMap":{"0":{"name":"(anonymous_0)","decl":{"start":{"line":1,"column":17},"end":{"line":1,"column":18}},"loc":{"start":{"line":1,"column":43},"end":{"line":12,"column":3}},"line":1}},"branchMap":{},"s":{"0":9,"1":9,"2":9},"f":{"0":9},"b":{},"_coverageSchema":"1a1c01bbd47fc00a2c39e90264f33305004495a9","hash":"1f1bc41dbd2a910fb3f2f4b6d4e3369dc8982497"}
,"D:\\Truminds\\Hyperbus\\Github-HBA\\HBA\\dh-node-js\\app\\models\\index.js": {"path":"D:\\Truminds\\Hyperbus\\Github-HBA\\HBA\\dh-node-js\\app\\models\\index.js","statementMap":{"0":{"start":{"line":1,"column":17},"end":{"line":1,"column":58}},"1":{"start":{"line":3,"column":18},"end":{"line":3,"column":38}},"2":{"start":{"line":4,"column":18},"end":{"line":17,"column":2}},"3":{"start":{"line":19,"column":11},"end":{"line":19,"column":13}},"4":{"start":{"line":21,"column":0},"end":{"line":21,"column":25}},"5":{"start":{"line":22,"column":0},"end":{"line":22,"column":25}},"6":{"start":{"line":24,"column":0},"end":{"line":24,"column":60}},"7":{"start":{"line":25,"column":0},"end":{"line":25,"column":66}},"8":{"start":{"line":26,"column":0},"end":{"line":26,"column":66}},"9":{"start":{"line":28,"column":0},"end":{"line":28,"column":20}}},"fnMap":{},"branchMap":{},"s":{"0":9,"1":9,"2":9,"3":9,"4":9,"5":9,"6":9,"7":9,"8":9,"9":9},"f":{},"b":{},"_coverageSchema":"1a1c01bbd47fc00a2c39e90264f33305004495a9","hash":"b78c9c26de47ad8840ef40b39ddff127b230eadf"}
,"D:\\Truminds\\Hyperbus\\Github-HBA\\HBA\\dh-node-js\\app\\models\\request.model.js": {"path":"D:\\Truminds\\Hyperbus\\Github-HBA\\HBA\\dh-node-js\\app\\models\\request.model.js","statementMap":{"0":{"start":{"line":1,"column":0},"end":{"line":40,"column":4}},"1":{"start":{"line":2,"column":20},"end":{"line":37,"column":6}},"2":{"start":{"line":39,"column":4},"end":{"line":39,"column":19}}},"fnMap":{"0":{"name":"(anonymous_0)","decl":{"start":{"line":1,"column":17},"end":{"line":1,"column":18}},"loc":{"start":{"line":1,"column":43},"end":{"line":40,"column":3}},"line":1}},"branchMap":{},"s":{"0":9,"1":9,"2":9},"f":{"0":9},"b":{},"_coverageSchema":"1a1c01bbd47fc00a2c39e90264f33305004495a9","hash":"856bcb5b65b3451385ab073997ea2285d7183f15"}
,"D:\\Truminds\\Hyperbus\\Github-HBA\\HBA\\dh-node-js\\app\\models\\subject.model.js": {"path":"D:\\Truminds\\Hyperbus\\Github-HBA\\HBA\\dh-node-js\\app\\models\\subject.model.js","statementMap":{"0":{"start":{"line":1,"column":0},"end":{"line":41,"column":4}},"1":{"start":{"line":2,"column":20},"end":{"line":38,"column":6}},"2":{"start":{"line":40,"column":4},"end":{"line":40,"column":19}}},"fnMap":{"0":{"name":"(anonymous_0)","decl":{"start":{"line":1,"column":17},"end":{"line":1,"column":18}},"loc":{"start":{"line":1,"column":43},"end":{"line":41,"column":3}},"line":1}},"branchMap":{},"s":{"0":9,"1":9,"2":9},"f":{"0":9},"b":{},"_coverageSchema":"1a1c01bbd47fc00a2c39e90264f33305004495a9","hash":"8c376790326cbb37f5c63ec70b6c47682f792be5"}
,"D:\\Truminds\\Hyperbus\\Github-HBA\\HBA\\dh-node-js\\app\\services\\excel.service.js": {"path":"D:\\Truminds\\Hyperbus\\Github-HBA\\HBA\\dh-node-js\\app\\services\\excel.service.js","statementMap":{"0":{"start":{"line":1,"column":11},"end":{"line":1,"column":24}},"1":{"start":{"line":2,"column":13},"end":{"line":2,"column":28}},"2":{"start":{"line":3,"column":19},"end":{"line":3,"column":32}},"3":{"start":{"line":4,"column":13},"end":{"line":4,"column":28}},"4":{"start":{"line":6,"column":11},"end":{"line":6,"column":31}},"5":{"start":{"line":7,"column":76},"end":{"line":7,"column":110}},"6":{"start":{"line":8,"column":19},"end":{"line":8,"column":53}},"7":{"start":{"line":9,"column":14},"end":{"line":9,"column":22}},"8":{"start":{"line":10,"column":16},"end":{"line":10,"column":27}},"9":{"start":{"line":12,"column":15},"end":{"line":140,"column":1}},"10":{"start":{"line":13,"column":2},"end":{"line":139,"column":4}},"11":{"start":{"line":14,"column":4},"end":{"line":138,"column":5}},"12":{"start":{"line":15,"column":6},"end":{"line":18,"column":7}},"13":{"start":{"line":16,"column":8},"end":{"line":16,"column":69}},"14":{"start":{"line":17,"column":8},"end":{"line":17,"column":85}},"15":{"start":{"line":19,"column":6},"end":{"line":19,"column":60}},"16":{"start":{"line":20,"column":21},"end":{"line":20,"column":23}},"17":{"start":{"line":21,"column":22},"end":{"line":21,"column":24}},"18":{"start":{"line":22,"column":23},"end":{"line":22,"column":24}},"19":{"start":{"line":23,"column":28},"end":{"line":23,"column":32}},"20":{"start":{"line":24,"column":28},"end":{"line":24,"column":37}},"21":{"start":{"line":27,"column":23},"end":{"line":27,"column":65}},"22":{"start":{"line":30,"column":24},"end":{"line":30,"column":104}},"23":{"start":{"line":31,"column":22},"end":{"line":31,"column":39}},"24":{"start":{"line":32,"column":6},"end":{"line":35,"column":7}},"25":{"start":{"line":33,"column":8},"end":{"line":33,"column":59}},"26":{"start":{"line":34,"column":8},"end":{"line":34,"column":110}},"27":{"start":{"line":36,"column":19},"end":{"line":36,"column":100}},"28":{"start":{"line":37,"column":6},"end":{"line":37,"column":56}},"29":{"start":{"line":39,"column":6},"end":{"line":43,"column":7}},"30":{"start":{"line":40,"column":8},"end":{"line":40,"column":32}},"31":{"start":{"line":41,"column":8},"end":{"line":41,"column":37}},"32":{"start":{"line":42,"column":8},"end":{"line":42,"column":61}},"33":{"start":{"line":45,"column":6},"end":{"line":99,"column":7}},"34":{"start":{"line":46,"column":8},"end":{"line":98,"column":11}},"35":{"start":{"line":47,"column":10},"end":{"line":73,"column":11}},"36":{"start":{"line":48,"column":12},"end":{"line":48,"column":36}},"37":{"start":{"line":49,"column":12},"end":{"line":52,"column":13}},"38":{"start":{"line":50,"column":14},"end":{"line":50,"column":73}},"39":{"start":{"line":51,"column":14},"end":{"line":51,"column":51}},"40":{"start":{"line":53,"column":12},"end":{"line":53,"column":28}},"41":{"start":{"line":54,"column":25},"end":{"line":54,"column":46}},"42":{"start":{"line":55,"column":23},"end":{"line":55,"column":25}},"43":{"start":{"line":56,"column":12},"end":{"line":58,"column":13}},"44":{"start":{"line":57,"column":14},"end":{"line":57,"column":38}},"45":{"start":{"line":59,"column":12},"end":{"line":59,"column":68}},"46":{"start":{"line":60,"column":30},"end":{"line":60,"column":69}},"47":{"start":{"line":61,"column":12},"end":{"line":71,"column":13}},"48":{"start":{"line":62,"column":14},"end":{"line":62,"column":137}},"49":{"start":{"line":64,"column":14},"end":{"line":70,"column":15}},"50":{"start":{"line":65,"column":16},"end":{"line":65,"column":97}},"51":{"start":{"line":66,"column":16},"end":{"line":66,"column":157}},"52":{"start":{"line":68,"column":16},"end":{"line":68,"column":65}},"53":{"start":{"line":69,"column":16},"end":{"line":69,"column":119}},"54":{"start":{"line":75,"column":10},"end":{"line":97,"column":11}},"55":{"start":{"line":76,"column":25},"end":{"line":76,"column":92}},"56":{"start":{"line":77,"column":12},"end":{"line":95,"column":13}},"57":{"start":{"line":78,"column":24},"end":{"line":78,"column":49}},"58":{"start":{"line":79,"column":14},"end":{"line":79,"column":34}},"59":{"start":{"line":81,"column":14},"end":{"line":81,"column":57}},"60":{"start":{"line":82,"column":25},"end":{"line":92,"column":15}},"61":{"start":{"line":94,"column":14},"end":{"line":94,"column":34}},"62":{"start":{"line":101,"column":6},"end":{"line":101,"column":50}},"63":{"start":{"line":102,"column":6},"end":{"line":102,"column":64}},"64":{"start":{"line":104,"column":6},"end":{"line":132,"column":7}},"65":{"start":{"line":105,"column":8},"end":{"line":128,"column":13}},"66":{"start":{"line":109,"column":12},"end":{"line":109,"column":70}},"67":{"start":{"line":111,"column":27},"end":{"line":111,"column":92}},"68":{"start":{"line":112,"column":12},"end":{"line":116,"column":14}},"69":{"start":{"line":117,"column":12},"end":{"line":117,"column":74}},"70":{"start":{"line":118,"column":12},"end":{"line":120,"column":15}},"71":{"start":{"line":123,"column":12},"end":{"line":123,"column":68}},"72":{"start":{"line":124,"column":12},"end":{"line":127,"column":15}},"73":{"start":{"line":130,"column":8},"end":{"line":130,"column":78}},"74":{"start":{"line":131,"column":8},"end":{"line":131,"column":45}},"75":{"start":{"line":134,"column":6},"end":{"line":134,"column":73}},"76":{"start":{"line":135,"column":6},"end":{"line":137,"column":9}},"77":{"start":{"line":142,"column":25},"end":{"line":163,"column":1}},"78":{"start":{"line":143,"column":2},"end":{"line":162,"column":4}},"79":{"start":{"line":144,"column":4},"end":{"line":161,"column":5}},"80":{"start":{"line":145,"column":18},"end":{"line":145,"column":20}},"81":{"start":{"line":146,"column":6},"end":{"line":149,"column":9}},"82":{"start":{"line":151,"column":6},"end":{"line":157,"column":7}},"83":{"start":{"line":152,"column":8},"end":{"line":152,"column":64}},"84":{"start":{"line":153,"column":8},"end":{"line":153,"column":22}},"85":{"start":{"line":155,"column":8},"end":{"line":155,"column":50}},"86":{"start":{"line":156,"column":8},"end":{"line":156,"column":20}},"87":{"start":{"line":159,"column":6},"end":{"line":159,"column":74}},"88":{"start":{"line":160,"column":6},"end":{"line":160,"column":88}},"89":{"start":{"line":166,"column":0},"end":{"line":169,"column":1}}},"fnMap":{"0":{"name":"(anonymous_0)","decl":{"start":{"line":12,"column":15},"end":{"line":12,"column":16}},"loc":{"start":{"line":12,"column":25},"end":{"line":140,"column":1}},"line":12},"1":{"name":"(anonymous_1)","decl":{"start":{"line":13,"column":21},"end":{"line":13,"column":22}},"loc":{"start":{"line":13,"column":48},"end":{"line":139,"column":3}},"line":13},"2":{"name":"(anonymous_2)","decl":{"start":{"line":46,"column":17},"end":{"line":46,"column":18}},"loc":{"start":{"line":46,"column":30},"end":{"line":98,"column":9}},"line":46},"3":{"name":"(anonymous_3)","decl":{"start":{"line":108,"column":16},"end":{"line":108,"column":17}},"loc":{"start":{"line":108,"column":22},"end":{"line":121,"column":11}},"line":108},"4":{"name":"(anonymous_4)","decl":{"start":{"line":122,"column":17},"end":{"line":122,"column":18}},"loc":{"start":{"line":122,"column":28},"end":{"line":128,"column":11}},"line":122},"5":{"name":"(anonymous_5)","decl":{"start":{"line":142,"column":25},"end":{"line":142,"column":26}},"loc":{"start":{"line":142,"column":31},"end":{"line":163,"column":1}},"line":142},"6":{"name":"(anonymous_6)","decl":{"start":{"line":143,"column":21},"end":{"line":143,"column":22}},"loc":{"start":{"line":143,"column":48},"end":{"line":162,"column":3}},"line":143}},"branchMap":{"0":{"loc":{"start":{"line":15,"column":6},"end":{"line":18,"column":7}},"type":"if","locations":[{"start":{"line":15,"column":6},"end":{"line":18,"column":7}},{"start":{},"end":{}}],"line":15},"1":{"loc":{"start":{"line":32,"column":6},"end":{"line":35,"column":7}},"type":"if","locations":[{"start":{"line":32,"column":6},"end":{"line":35,"column":7}},{"start":{},"end":{}}],"line":32},"2":{"loc":{"start":{"line":39,"column":6},"end":{"line":43,"column":7}},"type":"if","locations":[{"start":{"line":39,"column":6},"end":{"line":43,"column":7}},{"start":{},"end":{}}],"line":39},"3":{"loc":{"start":{"line":39,"column":10},"end":{"line":39,"column":45}},"type":"binary-expr","locations":[{"start":{"line":39,"column":10},"end":{"line":39,"column":15}},{"start":{"line":39,"column":20},"end":{"line":39,"column":24}},{"start":{"line":39,"column":28},"end":{"line":39,"column":44}}],"line":39},"4":{"loc":{"start":{"line":45,"column":6},"end":{"line":99,"column":7}},"type":"if","locations":[{"start":{"line":45,"column":6},"end":{"line":99,"column":7}},{"start":{},"end":{}}],"line":45},"5":{"loc":{"start":{"line":45,"column":10},"end":{"line":45,"column":33}},"type":"binary-expr","locations":[{"start":{"line":45,"column":10},"end":{"line":45,"column":14}},{"start":{"line":45,"column":18},"end":{"line":45,"column":33}}],"line":45},"6":{"loc":{"start":{"line":47,"column":10},"end":{"line":73,"column":11}},"type":"if","locations":[{"start":{"line":47,"column":10},"end":{"line":73,"column":11}},{"start":{},"end":{}}],"line":47},"7":{"loc":{"start":{"line":49,"column":12},"end":{"line":52,"column":13}},"type":"if","locations":[{"start":{"line":49,"column":12},"end":{"line":52,"column":13}},{"start":{},"end":{}}],"line":49},"8":{"loc":{"start":{"line":56,"column":12},"end":{"line":58,"column":13}},"type":"if","locations":[{"start":{"line":56,"column":12},"end":{"line":58,"column":13}},{"start":{},"end":{}}],"line":56},"9":{"loc":{"start":{"line":56,"column":16},"end":{"line":56,"column":43}},"type":"binary-expr","locations":[{"start":{"line":56,"column":16},"end":{"line":56,"column":22}},{"start":{"line":56,"column":26},"end":{"line":56,"column":43}}],"line":56},"10":{"loc":{"start":{"line":61,"column":12},"end":{"line":71,"column":13}},"type":"if","locations":[{"start":{"line":61,"column":12},"end":{"line":71,"column":13}},{"start":{"line":63,"column":19},"end":{"line":71,"column":13}}],"line":61},"11":{"loc":{"start":{"line":62,"column":64},"end":{"line":62,"column":97}},"type":"cond-expr","locations":[{"start":{"line":62,"column":85},"end":{"line":62,"column":89}},{"start":{"line":62,"column":92},"end":{"line":62,"column":97}}],"line":62},"12":{"loc":{"start":{"line":64,"column":14},"end":{"line":70,"column":15}},"type":"if","locations":[{"start":{"line":64,"column":14},"end":{"line":70,"column":15}},{"start":{"line":67,"column":21},"end":{"line":70,"column":15}}],"line":64},"13":{"loc":{"start":{"line":75,"column":10},"end":{"line":97,"column":11}},"type":"if","locations":[{"start":{"line":75,"column":10},"end":{"line":97,"column":11}},{"start":{},"end":{}}],"line":75},"14":{"loc":{"start":{"line":75,"column":14},"end":{"line":75,"column":48}},"type":"binary-expr","locations":[{"start":{"line":75,"column":14},"end":{"line":75,"column":29}},{"start":{"line":75,"column":33},"end":{"line":75,"column":48}}],"line":75},"15":{"loc":{"start":{"line":77,"column":12},"end":{"line":95,"column":13}},"type":"if","locations":[{"start":{"line":77,"column":12},"end":{"line":95,"column":13}},{"start":{"line":80,"column":19},"end":{"line":95,"column":13}}],"line":77},"16":{"loc":{"start":{"line":104,"column":6},"end":{"line":132,"column":7}},"type":"if","locations":[{"start":{"line":104,"column":6},"end":{"line":132,"column":7}},{"start":{"line":129,"column":13},"end":{"line":132,"column":7}}],"line":104},"17":{"loc":{"start":{"line":104,"column":10},"end":{"line":104,"column":44}},"type":"binary-expr","locations":[{"start":{"line":104,"column":10},"end":{"line":104,"column":25}},{"start":{"line":104,"column":29},"end":{"line":104,"column":44}}],"line":104},"18":{"loc":{"start":{"line":111,"column":27},"end":{"line":111,"column":92}},"type":"binary-expr","locations":[{"start":{"line":111,"column":27},"end":{"line":111,"column":31}},{"start":{"line":111,"column":35},"end":{"line":111,"column":52}},{"start":{"line":111,"column":56},"end":{"line":111,"column":92}}],"line":111},"19":{"loc":{"start":{"line":151,"column":6},"end":{"line":157,"column":7}},"type":"if","locations":[{"start":{"line":151,"column":6},"end":{"line":157,"column":7}},{"start":{"line":154,"column":13},"end":{"line":157,"column":7}}],"line":151},"20":{"loc":{"start":{"line":151,"column":10},"end":{"line":151,"column":35}},"type":"binary-expr","locations":[{"start":{"line":151,"column":10},"end":{"line":151,"column":15}},{"start":{"line":151,"column":19},"end":{"line":151,"column":35}}],"line":151},"21":{"loc":{"start":{"line":160,"column":24},"end":{"line":160,"column":84}},"type":"binary-expr","locations":[{"start":{"line":160,"column":24},"end":{"line":160,"column":35}},{"start":{"line":160,"column":39},"end":{"line":160,"column":84}}],"line":160}},"s":{"0":3,"1":3,"2":3,"3":3,"4":3,"5":3,"6":3,"7":3,"8":3,"9":3,"10":6,"11":6,"12":6,"13":1,"14":1,"15":5,"16":5,"17":5,"18":5,"19":5,"20":5,"21":5,"22":5,"23":5,"24":5,"25":3,"26":3,"27":2,"28":2,"29":2,"30":2,"31":2,"32":2,"33":0,"34":0,"35":0,"36":0,"37":0,"38":0,"39":0,"40":0,"41":0,"42":0,"43":0,"44":0,"45":0,"46":0,"47":0,"48":0,"49":0,"50":0,"51":0,"52":0,"53":0,"54":0,"55":0,"56":0,"57":0,"58":0,"59":0,"60":0,"61":0,"62":0,"63":0,"64":0,"65":0,"66":0,"67":0,"68":0,"69":0,"70":0,"71":0,"72":0,"73":0,"74":0,"75":0,"76":0,"77":3,"78":3,"79":3,"80":3,"81":3,"82":2,"83":1,"84":1,"85":1,"86":1,"87":1,"88":1,"89":3},"f":{"0":6,"1":6,"2":0,"3":0,"4":0,"5":3,"6":3},"b":{"0":[1,5],"1":[3,2],"2":[2,0],"3":[2,2,2],"4":[0,0],"5":[0,0],"6":[0,0],"7":[0,0],"8":[0,0],"9":[0,0],"10":[0,0],"11":[0,0],"12":[0,0],"13":[0,0],"14":[0,0],"15":[0,0],"16":[0,0],"17":[0,0],"18":[0,0,0],"19":[1,1],"20":[2,2],"21":[1,0]},"_coverageSchema":"1a1c01bbd47fc00a2c39e90264f33305004495a9","hash":"f7fbf3574cae8bb209cd83f69e467fc0582cb861"}
,"D:\\Truminds\\Hyperbus\\Github-HBA\\HBA\\dh-node-js\\app\\services\\request.service.js": {"path":"D:\\Truminds\\Hyperbus\\Github-HBA\\HBA\\dh-node-js\\app\\services\\request.service.js","statementMap":{"0":{"start":{"line":1,"column":18},"end":{"line":1,"column":38}},"1":{"start":{"line":2,"column":23},"end":{"line":2,"column":43}},"2":{"start":{"line":3,"column":11},"end":{"line":3,"column":23}},"3":{"start":{"line":4,"column":15},"end":{"line":4,"column":32}},"4":{"start":{"line":6,"column":11},"end":{"line":6,"column":31}},"5":{"start":{"line":7,"column":19},"end":{"line":7,"column":53}},"6":{"start":{"line":8,"column":64},"end":{"line":8,"column":100}},"7":{"start":{"line":9,"column":16},"end":{"line":9,"column":27}},"8":{"start":{"line":10,"column":16},"end":{"line":10,"column":27}},"9":{"start":{"line":11,"column":18},"end":{"line":11,"column":41}},"10":{"start":{"line":15,"column":15},"end":{"line":93,"column":1}},"11":{"start":{"line":16,"column":2},"end":{"line":92,"column":4}},"12":{"start":{"line":17,"column":4},"end":{"line":91,"column":5}},"13":{"start":{"line":19,"column":20},"end":{"line":19,"column":22}},"14":{"start":{"line":22,"column":18},"end":{"line":22,"column":44}},"15":{"start":{"line":25,"column":6},"end":{"line":77,"column":7}},"16":{"start":{"line":26,"column":8},"end":{"line":26,"column":61}},"17":{"start":{"line":27,"column":8},"end":{"line":27,"column":99}},"18":{"start":{"line":28,"column":8},"end":{"line":28,"column":26}},"19":{"start":{"line":31,"column":8},"end":{"line":31,"column":63}},"20":{"start":{"line":32,"column":18},"end":{"line":32,"column":22}},"21":{"start":{"line":33,"column":8},"end":{"line":33,"column":65}},"22":{"start":{"line":35,"column":8},"end":{"line":76,"column":9}},"23":{"start":{"line":35,"column":23},"end":{"line":35,"column":24}},"24":{"start":{"line":36,"column":10},"end":{"line":36,"column":48}},"25":{"start":{"line":37,"column":20},"end":{"line":37,"column":28}},"26":{"start":{"line":38,"column":26},"end":{"line":38,"column":39}},"27":{"start":{"line":39,"column":25},"end":{"line":39,"column":37}},"28":{"start":{"line":40,"column":33},"end":{"line":40,"column":53}},"29":{"start":{"line":41,"column":25},"end":{"line":41,"column":37}},"30":{"start":{"line":42,"column":27},"end":{"line":42,"column":41}},"31":{"start":{"line":43,"column":26},"end":{"line":43,"column":39}},"32":{"start":{"line":44,"column":24},"end":{"line":44,"column":35}},"33":{"start":{"line":46,"column":10},"end":{"line":73,"column":11}},"34":{"start":{"line":47,"column":12},"end":{"line":47,"column":56}},"35":{"start":{"line":48,"column":12},"end":{"line":48,"column":142}},"36":{"start":{"line":51,"column":26},"end":{"line":62,"column":14}},"37":{"start":{"line":63,"column":12},"end":{"line":71,"column":13}},"38":{"start":{"line":64,"column":14},"end":{"line":64,"column":31}},"39":{"start":{"line":65,"column":14},"end":{"line":65,"column":24}},"40":{"start":{"line":66,"column":14},"end":{"line":66,"column":40}},"41":{"start":{"line":68,"column":14},"end":{"line":68,"column":31}},"42":{"start":{"line":69,"column":14},"end":{"line":69,"column":24}},"43":{"start":{"line":70,"column":14},"end":{"line":70,"column":44}},"44":{"start":{"line":72,"column":12},"end":{"line":72,"column":153}},"45":{"start":{"line":74,"column":10},"end":{"line":74,"column":28}},"46":{"start":{"line":75,"column":10},"end":{"line":75,"column":48}},"47":{"start":{"line":78,"column":6},"end":{"line":84,"column":8}},"48":{"start":{"line":79,"column":8},"end":{"line":79,"column":63}},"49":{"start":{"line":80,"column":8},"end":{"line":83,"column":11}},"50":{"start":{"line":86,"column":6},"end":{"line":86,"column":25}},"51":{"start":{"line":87,"column":6},"end":{"line":87,"column":50}},"52":{"start":{"line":88,"column":6},"end":{"line":90,"column":9}},"53":{"start":{"line":95,"column":23},"end":{"line":185,"column":1}},"54":{"start":{"line":96,"column":2},"end":{"line":184,"column":4}},"55":{"start":{"line":97,"column":4},"end":{"line":183,"column":5}},"56":{"start":{"line":98,"column":6},"end":{"line":98,"column":42}},"57":{"start":{"line":100,"column":6},"end":{"line":100,"column":53}},"58":{"start":{"line":102,"column":17},"end":{"line":102,"column":60}},"59":{"start":{"line":103,"column":18},"end":{"line":103,"column":64}},"60":{"start":{"line":104,"column":19},"end":{"line":104,"column":61}},"61":{"start":{"line":105,"column":21},"end":{"line":105,"column":42}},"62":{"start":{"line":106,"column":22},"end":{"line":106,"column":44}},"63":{"start":{"line":107,"column":22},"end":{"line":107,"column":44}},"64":{"start":{"line":108,"column":20},"end":{"line":108,"column":40}},"65":{"start":{"line":109,"column":24},"end":{"line":109,"column":48}},"66":{"start":{"line":110,"column":20},"end":{"line":110,"column":55}},"67":{"start":{"line":111,"column":22},"end":{"line":111,"column":54}},"68":{"start":{"line":112,"column":19},"end":{"line":112,"column":42}},"69":{"start":{"line":112,"column":55},"end":{"line":112,"column":57}},"70":{"start":{"line":114,"column":6},"end":{"line":114,"column":82}},"71":{"start":{"line":115,"column":22},"end":{"line":115,"column":24}},"72":{"start":{"line":116,"column":6},"end":{"line":118,"column":7}},"73":{"start":{"line":117,"column":8},"end":{"line":117,"column":45}},"74":{"start":{"line":119,"column":6},"end":{"line":121,"column":7}},"75":{"start":{"line":120,"column":8},"end":{"line":120,"column":93}},"76":{"start":{"line":122,"column":6},"end":{"line":124,"column":7}},"77":{"start":{"line":123,"column":8},"end":{"line":123,"column":94}},"78":{"start":{"line":125,"column":6},"end":{"line":129,"column":7}},"79":{"start":{"line":126,"column":8},"end":{"line":126,"column":69}},"80":{"start":{"line":127,"column":8},"end":{"line":127,"column":63}},"81":{"start":{"line":128,"column":8},"end":{"line":128,"column":128}},"82":{"start":{"line":130,"column":18},"end":{"line":130,"column":20}},"83":{"start":{"line":131,"column":6},"end":{"line":153,"column":7}},"84":{"start":{"line":132,"column":8},"end":{"line":136,"column":11}},"85":{"start":{"line":137,"column":8},"end":{"line":141,"column":11}},"86":{"start":{"line":142,"column":8},"end":{"line":146,"column":10}},"87":{"start":{"line":147,"column":8},"end":{"line":151,"column":11}},"88":{"start":{"line":152,"column":8},"end":{"line":152,"column":43}},"89":{"start":{"line":154,"column":6},"end":{"line":161,"column":9}},"90":{"start":{"line":162,"column":6},"end":{"line":162,"column":58}},"91":{"start":{"line":163,"column":23},"end":{"line":165,"column":8}},"92":{"start":{"line":166,"column":6},"end":{"line":166,"column":49}},"93":{"start":{"line":167,"column":6},"end":{"line":177,"column":7}},"94":{"start":{"line":168,"column":8},"end":{"line":171,"column":11}},"95":{"start":{"line":173,"column":8},"end":{"line":173,"column":54}},"96":{"start":{"line":174,"column":8},"end":{"line":176,"column":11}},"97":{"start":{"line":179,"column":6},"end":{"line":179,"column":57}},"98":{"start":{"line":180,"column":6},"end":{"line":182,"column":9}},"99":{"start":{"line":187,"column":25},"end":{"line":244,"column":1}},"100":{"start":{"line":188,"column":2},"end":{"line":243,"column":4}},"101":{"start":{"line":189,"column":4},"end":{"line":242,"column":5}},"102":{"start":{"line":190,"column":6},"end":{"line":190,"column":48}},"103":{"start":{"line":191,"column":6},"end":{"line":196,"column":7}},"104":{"start":{"line":192,"column":8},"end":{"line":192,"column":56}},"105":{"start":{"line":193,"column":8},"end":{"line":195,"column":11}},"106":{"start":{"line":197,"column":18},"end":{"line":197,"column":29}},"107":{"start":{"line":198,"column":26},"end":{"line":198,"column":28}},"108":{"start":{"line":199,"column":6},"end":{"line":199,"column":40}},"109":{"start":{"line":200,"column":26},"end":{"line":204,"column":8}},"110":{"start":{"line":205,"column":6},"end":{"line":205,"column":65}},"111":{"start":{"line":207,"column":21},"end":{"line":217,"column":7}},"112":{"start":{"line":219,"column":6},"end":{"line":236,"column":7}},"113":{"start":{"line":220,"column":8},"end":{"line":222,"column":9}},"114":{"start":{"line":221,"column":10},"end":{"line":221,"column":136}},"115":{"start":{"line":224,"column":8},"end":{"line":224,"column":93}},"116":{"start":{"line":226,"column":8},"end":{"line":229,"column":11}},"117":{"start":{"line":232,"column":8},"end":{"line":232,"column":58}},"118":{"start":{"line":233,"column":8},"end":{"line":235,"column":11}},"119":{"start":{"line":238,"column":6},"end":{"line":238,"column":57}},"120":{"start":{"line":239,"column":6},"end":{"line":241,"column":9}},"121":{"start":{"line":246,"column":25},"end":{"line":353,"column":1}},"122":{"start":{"line":247,"column":2},"end":{"line":352,"column":4}},"123":{"start":{"line":248,"column":4},"end":{"line":351,"column":5}},"124":{"start":{"line":249,"column":21},"end":{"line":260,"column":7}},"125":{"start":{"line":261,"column":23},"end":{"line":268,"column":25}},"126":{"start":{"line":270,"column":33},"end":{"line":322,"column":36}},"127":{"start":{"line":324,"column":21},"end":{"line":324,"column":86}},"128":{"start":{"line":325,"column":31},"end":{"line":325,"column":106}},"129":{"start":{"line":327,"column":6},"end":{"line":327,"column":75}},"130":{"start":{"line":328,"column":6},"end":{"line":328,"column":98}},"131":{"start":{"line":330,"column":6},"end":{"line":336,"column":7}},"132":{"start":{"line":331,"column":8},"end":{"line":331,"column":57}},"133":{"start":{"line":332,"column":8},"end":{"line":332,"column":59}},"134":{"start":{"line":333,"column":8},"end":{"line":333,"column":49}},"135":{"start":{"line":334,"column":8},"end":{"line":334,"column":81}},"136":{"start":{"line":335,"column":8},"end":{"line":335,"column":73}},"137":{"start":{"line":338,"column":6},"end":{"line":344,"column":7}},"138":{"start":{"line":339,"column":8},"end":{"line":339,"column":82}},"139":{"start":{"line":340,"column":8},"end":{"line":340,"column":83}},"140":{"start":{"line":341,"column":8},"end":{"line":341,"column":78}},"141":{"start":{"line":342,"column":8},"end":{"line":342,"column":111}},"142":{"start":{"line":343,"column":8},"end":{"line":343,"column":103}},"143":{"start":{"line":346,"column":6},"end":{"line":346,"column":61}},"144":{"start":{"line":347,"column":6},"end":{"line":347,"column":31}},"145":{"start":{"line":350,"column":6},"end":{"line":350,"column":25}},"146":{"start":{"line":355,"column":25},"end":{"line":369,"column":1}},"147":{"start":{"line":356,"column":2},"end":{"line":368,"column":4}},"148":{"start":{"line":357,"column":4},"end":{"line":367,"column":5}},"149":{"start":{"line":358,"column":6},"end":{"line":358,"column":46}},"150":{"start":{"line":359,"column":23},"end":{"line":361,"column":8}},"151":{"start":{"line":362,"column":6},"end":{"line":362,"column":60}},"152":{"start":{"line":363,"column":6},"end":{"line":363,"column":33}},"153":{"start":{"line":365,"column":6},"end":{"line":365,"column":38}},"154":{"start":{"line":366,"column":6},"end":{"line":366,"column":25}},"155":{"start":{"line":371,"column":0},"end":{"line":377,"column":1}}},"fnMap":{"0":{"name":"(anonymous_0)","decl":{"start":{"line":15,"column":15},"end":{"line":15,"column":16}},"loc":{"start":{"line":15,"column":25},"end":{"line":93,"column":1}},"line":15},"1":{"name":"(anonymous_1)","decl":{"start":{"line":16,"column":21},"end":{"line":16,"column":22}},"loc":{"start":{"line":16,"column":48},"end":{"line":92,"column":3}},"line":16},"2":{"name":"(anonymous_2)","decl":{"start":{"line":78,"column":39},"end":{"line":78,"column":40}},"loc":{"start":{"line":78,"column":45},"end":{"line":84,"column":7}},"line":78},"3":{"name":"(anonymous_3)","decl":{"start":{"line":95,"column":23},"end":{"line":95,"column":24}},"loc":{"start":{"line":95,"column":33},"end":{"line":185,"column":1}},"line":95},"4":{"name":"(anonymous_4)","decl":{"start":{"line":96,"column":21},"end":{"line":96,"column":22}},"loc":{"start":{"line":96,"column":48},"end":{"line":184,"column":3}},"line":96},"5":{"name":"(anonymous_5)","decl":{"start":{"line":187,"column":25},"end":{"line":187,"column":26}},"loc":{"start":{"line":187,"column":36},"end":{"line":244,"column":1}},"line":187},"6":{"name":"(anonymous_6)","decl":{"start":{"line":188,"column":21},"end":{"line":188,"column":22}},"loc":{"start":{"line":188,"column":48},"end":{"line":243,"column":3}},"line":188},"7":{"name":"(anonymous_7)","decl":{"start":{"line":246,"column":25},"end":{"line":246,"column":26}},"loc":{"start":{"line":246,"column":31},"end":{"line":353,"column":1}},"line":246},"8":{"name":"(anonymous_8)","decl":{"start":{"line":247,"column":21},"end":{"line":247,"column":22}},"loc":{"start":{"line":247,"column":48},"end":{"line":352,"column":3}},"line":247},"9":{"name":"(anonymous_9)","decl":{"start":{"line":355,"column":25},"end":{"line":355,"column":26}},"loc":{"start":{"line":355,"column":31},"end":{"line":369,"column":1}},"line":355},"10":{"name":"(anonymous_10)","decl":{"start":{"line":356,"column":21},"end":{"line":356,"column":22}},"loc":{"start":{"line":356,"column":48},"end":{"line":368,"column":3}},"line":356}},"branchMap":{"0":{"loc":{"start":{"line":25,"column":6},"end":{"line":77,"column":7}},"type":"if","locations":[{"start":{"line":25,"column":6},"end":{"line":77,"column":7}},{"start":{"line":30,"column":11},"end":{"line":77,"column":7}}],"line":25},"1":{"loc":{"start":{"line":25,"column":10},"end":{"line":25,"column":73}},"type":"binary-expr","locations":[{"start":{"line":25,"column":10},"end":{"line":25,"column":27}},{"start":{"line":25,"column":31},"end":{"line":25,"column":53}},{"start":{"line":25,"column":57},"end":{"line":25,"column":73}}],"line":25},"2":{"loc":{"start":{"line":46,"column":10},"end":{"line":73,"column":11}},"type":"if","locations":[{"start":{"line":46,"column":10},"end":{"line":73,"column":11}},{"start":{"line":50,"column":15},"end":{"line":73,"column":11}}],"line":46},"3":{"loc":{"start":{"line":46,"column":16},"end":{"line":46,"column":107}},"type":"binary-expr","locations":[{"start":{"line":46,"column":16},"end":{"line":46,"column":25}},{"start":{"line":46,"column":29},"end":{"line":46,"column":37}},{"start":{"line":46,"column":41},"end":{"line":46,"column":57}},{"start":{"line":46,"column":61},"end":{"line":46,"column":69}},{"start":{"line":46,"column":73},"end":{"line":46,"column":83}},{"start":{"line":46,"column":87},"end":{"line":46,"column":96}},{"start":{"line":46,"column":100},"end":{"line":46,"column":107}}],"line":46},"4":{"loc":{"start":{"line":63,"column":12},"end":{"line":71,"column":13}},"type":"if","locations":[{"start":{"line":63,"column":12},"end":{"line":71,"column":13}},{"start":{"line":67,"column":19},"end":{"line":71,"column":13}}],"line":63},"5":{"loc":{"start":{"line":102,"column":17},"end":{"line":102,"column":60}},"type":"binary-expr","locations":[{"start":{"line":102,"column":17},"end":{"line":102,"column":21}},{"start":{"line":102,"column":25},"end":{"line":102,"column":34}},{"start":{"line":102,"column":38},"end":{"line":102,"column":55}},{"start":{"line":102,"column":59},"end":{"line":102,"column":60}}],"line":102},"6":{"loc":{"start":{"line":103,"column":18},"end":{"line":103,"column":64}},"type":"binary-expr","locations":[{"start":{"line":103,"column":18},"end":{"line":103,"column":22}},{"start":{"line":103,"column":26},"end":{"line":103,"column":36}},{"start":{"line":103,"column":40},"end":{"line":103,"column":58}},{"start":{"line":103,"column":62},"end":{"line":103,"column":64}}],"line":103},"7":{"loc":{"start":{"line":104,"column":19},"end":{"line":104,"column":61}},"type":"binary-expr","locations":[{"start":{"line":104,"column":19},"end":{"line":104,"column":23}},{"start":{"line":104,"column":27},"end":{"line":104,"column":38}},{"start":{"line":104,"column":42},"end":{"line":104,"column":61}}],"line":104},"8":{"loc":{"start":{"line":105,"column":21},"end":{"line":105,"column":42}},"type":"binary-expr","locations":[{"start":{"line":105,"column":21},"end":{"line":105,"column":25}},{"start":{"line":105,"column":29},"end":{"line":105,"column":42}}],"line":105},"9":{"loc":{"start":{"line":106,"column":22},"end":{"line":106,"column":44}},"type":"binary-expr","locations":[{"start":{"line":106,"column":22},"end":{"line":106,"column":26}},{"start":{"line":106,"column":30},"end":{"line":106,"column":44}}],"line":106},"10":{"loc":{"start":{"line":107,"column":22},"end":{"line":107,"column":44}},"type":"binary-expr","locations":[{"start":{"line":107,"column":22},"end":{"line":107,"column":26}},{"start":{"line":107,"column":30},"end":{"line":107,"column":44}}],"line":107},"11":{"loc":{"start":{"line":108,"column":20},"end":{"line":108,"column":40}},"type":"binary-expr","locations":[{"start":{"line":108,"column":20},"end":{"line":108,"column":24}},{"start":{"line":108,"column":28},"end":{"line":108,"column":40}}],"line":108},"12":{"loc":{"start":{"line":109,"column":24},"end":{"line":109,"column":48}},"type":"binary-expr","locations":[{"start":{"line":109,"column":24},"end":{"line":109,"column":28}},{"start":{"line":109,"column":32},"end":{"line":109,"column":48}}],"line":109},"13":{"loc":{"start":{"line":110,"column":20},"end":{"line":110,"column":55}},"type":"binary-expr","locations":[{"start":{"line":110,"column":20},"end":{"line":110,"column":24}},{"start":{"line":110,"column":28},"end":{"line":110,"column":40}},{"start":{"line":110,"column":44},"end":{"line":110,"column":55}}],"line":110},"14":{"loc":{"start":{"line":111,"column":22},"end":{"line":111,"column":54}},"type":"binary-expr","locations":[{"start":{"line":111,"column":22},"end":{"line":111,"column":26}},{"start":{"line":111,"column":30},"end":{"line":111,"column":44}},{"start":{"line":111,"column":48},"end":{"line":111,"column":54}}],"line":111},"15":{"loc":{"start":{"line":112,"column":19},"end":{"line":112,"column":42}},"type":"binary-expr","locations":[{"start":{"line":112,"column":19},"end":{"line":112,"column":37}},{"start":{"line":112,"column":41},"end":{"line":112,"column":42}}],"line":112},"16":{"loc":{"start":{"line":116,"column":6},"end":{"line":118,"column":7}},"type":"if","locations":[{"start":{"line":116,"column":6},"end":{"line":118,"column":7}},{"start":{},"end":{}}],"line":116},"17":{"loc":{"start":{"line":119,"column":6},"end":{"line":121,"column":7}},"type":"if","locations":[{"start":{"line":119,"column":6},"end":{"line":121,"column":7}},{"start":{},"end":{}}],"line":119},"18":{"loc":{"start":{"line":122,"column":6},"end":{"line":124,"column":7}},"type":"if","locations":[{"start":{"line":122,"column":6},"end":{"line":124,"column":7}},{"start":{},"end":{}}],"line":122},"19":{"loc":{"start":{"line":125,"column":6},"end":{"line":129,"column":7}},"type":"if","locations":[{"start":{"line":125,"column":6},"end":{"line":129,"column":7}},{"start":{},"end":{}}],"line":125},"20":{"loc":{"start":{"line":125,"column":10},"end":{"line":125,"column":30}},"type":"binary-expr","locations":[{"start":{"line":125,"column":10},"end":{"line":125,"column":19}},{"start":{"line":125,"column":23},"end":{"line":125,"column":30}}],"line":125},"21":{"loc":{"start":{"line":131,"column":6},"end":{"line":153,"column":7}},"type":"if","locations":[{"start":{"line":131,"column":6},"end":{"line":153,"column":7}},{"start":{},"end":{}}],"line":131},"22":{"loc":{"start":{"line":167,"column":6},"end":{"line":177,"column":7}},"type":"if","locations":[{"start":{"line":167,"column":6},"end":{"line":177,"column":7}},{"start":{"line":172,"column":13},"end":{"line":177,"column":7}}],"line":167},"23":{"loc":{"start":{"line":191,"column":6},"end":{"line":196,"column":7}},"type":"if","locations":[{"start":{"line":191,"column":6},"end":{"line":196,"column":7}},{"start":{},"end":{}}],"line":191},"24":{"loc":{"start":{"line":191,"column":10},"end":{"line":191,"column":32}},"type":"binary-expr","locations":[{"start":{"line":191,"column":10},"end":{"line":191,"column":16}},{"start":{"line":191,"column":20},"end":{"line":191,"column":32}}],"line":191},"25":{"loc":{"start":{"line":219,"column":6},"end":{"line":236,"column":7}},"type":"if","locations":[{"start":{"line":219,"column":6},"end":{"line":236,"column":7}},{"start":{"line":231,"column":11},"end":{"line":236,"column":7}}],"line":219},"26":{"loc":{"start":{"line":219,"column":10},"end":{"line":219,"column":51}},"type":"binary-expr","locations":[{"start":{"line":219,"column":10},"end":{"line":219,"column":23}},{"start":{"line":219,"column":27},"end":{"line":219,"column":51}}],"line":219},"27":{"loc":{"start":{"line":330,"column":6},"end":{"line":336,"column":7}},"type":"if","locations":[{"start":{"line":330,"column":6},"end":{"line":336,"column":7}},{"start":{},"end":{}}],"line":330},"28":{"loc":{"start":{"line":330,"column":10},"end":{"line":330,"column":56}},"type":"binary-expr","locations":[{"start":{"line":330,"column":10},"end":{"line":330,"column":18}},{"start":{"line":330,"column":22},"end":{"line":330,"column":41}},{"start":{"line":330,"column":45},"end":{"line":330,"column":56}}],"line":330},"29":{"loc":{"start":{"line":338,"column":6},"end":{"line":344,"column":7}},"type":"if","locations":[{"start":{"line":338,"column":6},"end":{"line":344,"column":7}},{"start":{},"end":{}}],"line":338},"30":{"loc":{"start":{"line":338,"column":10},"end":{"line":338,"column":86}},"type":"binary-expr","locations":[{"start":{"line":338,"column":10},"end":{"line":338,"column":28}},{"start":{"line":338,"column":32},"end":{"line":338,"column":61}},{"start":{"line":338,"column":65},"end":{"line":338,"column":86}}],"line":338}},"s":{"0":4,"1":4,"2":4,"3":4,"4":4,"5":4,"6":4,"7":4,"8":4,"9":4,"10":4,"11":0,"12":0,"13":0,"14":0,"15":0,"16":0,"17":0,"18":0,"19":0,"20":0,"21":0,"22":0,"23":0,"24":0,"25":0,"26":0,"27":0,"28":0,"29":0,"30":0,"31":0,"32":0,"33":0,"34":0,"35":0,"36":0,"37":0,"38":0,"39":0,"40":0,"41":0,"42":0,"43":0,"44":0,"45":0,"46":0,"47":0,"48":0,"49":0,"50":0,"51":0,"52":0,"53":4,"54":0,"55":0,"56":0,"57":0,"58":0,"59":0,"60":0,"61":0,"62":0,"63":0,"64":0,"65":0,"66":0,"67":0,"68":0,"69":0,"70":0,"71":0,"72":0,"73":0,"74":0,"75":0,"76":0,"77":0,"78":0,"79":0,"80":0,"81":0,"82":0,"83":0,"84":0,"85":0,"86":0,"87":0,"88":0,"89":0,"90":0,"91":0,"92":0,"93":0,"94":0,"95":0,"96":0,"97":0,"98":0,"99":4,"100":3,"101":3,"102":3,"103":3,"104":1,"105":1,"106":2,"107":2,"108":2,"109":2,"110":2,"111":2,"112":2,"113":1,"114":9,"115":1,"116":1,"117":1,"118":1,"119":0,"120":0,"121":4,"122":2,"123":2,"124":2,"125":2,"126":2,"127":2,"128":1,"129":1,"130":1,"131":1,"132":1,"133":1,"134":1,"135":1,"136":1,"137":1,"138":1,"139":1,"140":1,"141":1,"142":1,"143":1,"144":1,"145":1,"146":4,"147":2,"148":2,"149":2,"150":2,"151":1,"152":1,"153":1,"154":1,"155":4},"f":{"0":0,"1":0,"2":0,"3":0,"4":0,"5":3,"6":3,"7":2,"8":2,"9":2,"10":2},"b":{"0":[0,0],"1":[0,0,0],"2":[0,0],"3":[0,0,0,0,0,0,0],"4":[0,0],"5":[0,0,0,0],"6":[0,0,0,0],"7":[0,0,0],"8":[0,0],"9":[0,0],"10":[0,0],"11":[0,0],"12":[0,0],"13":[0,0,0],"14":[0,0,0],"15":[0,0],"16":[0,0],"17":[0,0],"18":[0,0],"19":[0,0],"20":[0,0],"21":[0,0],"22":[0,0],"23":[1,2],"24":[3,3],"25":[1,1],"26":[2,1],"27":[1,0],"28":[1,1,1],"29":[1,0],"30":[1,1,1]},"_coverageSchema":"1a1c01bbd47fc00a2c39e90264f33305004495a9","hash":"a167a9974bb2619acac72f7413c841a350676289"}
}
