{"D:\\Projects\\HBA\\dh-node-js\\app\\helpers\\excel.helper.js": {"path":"D:\\Projects\\HBA\\dh-node-js\\app\\helpers\\excel.helper.js","statementMap":{"0":{"start":{"line":1,"column":24},"end":{"line":11,"column":1}},"1":{"start":{"line":2,"column":4},"end":{"line":10,"column":5}},"2":{"start":{"line":3,"column":8},"end":{"line":7,"column":9}},"3":{"start":{"line":4,"column":12},"end":{"line":4,"column":25}},"4":{"start":{"line":6,"column":12},"end":{"line":6,"column":24}},"5":{"start":{"line":9,"column":8},"end":{"line":9,"column":24}},"6":{"start":{"line":13,"column":0},"end":{"line":15,"column":1}}},"fnMap":{"0":{"name":"(anonymous_0)","decl":{"start":{"line":1,"column":24},"end":{"line":1,"column":25}},"loc":{"start":{"line":1,"column":33},"end":{"line":11,"column":1}},"line":1}},"branchMap":{"0":{"loc":{"start":{"line":3,"column":8},"end":{"line":7,"column":9}},"type":"if","locations":[{"start":{"line":3,"column":8},"end":{"line":7,"column":9}},{"start":{"line":5,"column":15},"end":{"line":7,"column":9}}],"line":3},"1":{"loc":{"start":{"line":3,"column":13},"end":{"line":3,"column":59}},"type":"binary-expr","locations":[{"start":{"line":3,"column":13},"end":{"line":3,"column":19}},{"start":{"line":3,"column":23},"end":{"line":3,"column":29}},{"start":{"line":3,"column":33},"end":{"line":3,"column":39}},{"start":{"line":3,"column":43},"end":{"line":3,"column":49}},{"start":{"line":3,"column":53},"end":{"line":3,"column":59}}],"line":3}},"s":{"0":2,"1":0,"2":0,"3":0,"4":0,"5":0,"6":2},"f":{"0":0},"b":{"0":[0,0],"1":[0,0,0,0,0]},"_coverageSchema":"1a1c01bbd47fc00a2c39e90264f33305004495a9","hash":"4bfa4a379445b865d095e050f8d7963fe6c897b5"}
,"D:\\Projects\\HBA\\dh-node-js\\app\\models\\index.js": {"path":"D:\\Projects\\HBA\\dh-node-js\\app\\models\\index.js","statementMap":{"0":{"start":{"line":1,"column":17},"end":{"line":1,"column":58}},"1":{"start":{"line":3,"column":18},"end":{"line":3,"column":38}},"2":{"start":{"line":4,"column":18},"end":{"line":17,"column":2}},"3":{"start":{"line":19,"column":11},"end":{"line":19,"column":13}},"4":{"start":{"line":21,"column":0},"end":{"line":21,"column":25}},"5":{"start":{"line":22,"column":0},"end":{"line":22,"column":25}},"6":{"start":{"line":24,"column":0},"end":{"line":24,"column":60}},"7":{"start":{"line":25,"column":0},"end":{"line":25,"column":66}},"8":{"start":{"line":26,"column":0},"end":{"line":26,"column":66}},"9":{"start":{"line":28,"column":0},"end":{"line":28,"column":20}}},"fnMap":{},"branchMap":{},"s":{"0":3,"1":3,"2":3,"3":3,"4":3,"5":3,"6":3,"7":3,"8":3,"9":3},"f":{},"b":{},"_coverageSchema":"1a1c01bbd47fc00a2c39e90264f33305004495a9","hash":"30e269199a3e378c99ec37a23ea321d8643b5f63"}
,"D:\\Projects\\HBA\\dh-node-js\\app\\services\\excel.service.js": {"path":"D:\\Projects\\HBA\\dh-node-js\\app\\services\\excel.service.js","statementMap":{"0":{"start":{"line":1,"column":11},"end":{"line":1,"column":24}},"1":{"start":{"line":2,"column":13},"end":{"line":2,"column":28}},"2":{"start":{"line":3,"column":19},"end":{"line":3,"column":32}},"3":{"start":{"line":4,"column":21},"end":{"line":4,"column":52}},"4":{"start":{"line":5,"column":15},"end":{"line":5,"column":32}},"5":{"start":{"line":7,"column":11},"end":{"line":7,"column":31}},"6":{"start":{"line":8,"column":28},"end":{"line":8,"column":62}},"7":{"start":{"line":9,"column":14},"end":{"line":9,"column":22}},"8":{"start":{"line":10,"column":16},"end":{"line":10,"column":27}},"9":{"start":{"line":12,"column":15},"end":{"line":76,"column":1}},"10":{"start":{"line":13,"column":4},"end":{"line":75,"column":6}},"11":{"start":{"line":14,"column":6},"end":{"line":74,"column":7}},"12":{"start":{"line":15,"column":8},"end":{"line":17,"column":9}},"13":{"start":{"line":16,"column":10},"end":{"line":16,"column":85}},"14":{"start":{"line":18,"column":19},"end":{"line":18,"column":72}},"15":{"start":{"line":20,"column":8},"end":{"line":68,"column":11}},"16":{"start":{"line":22,"column":10},"end":{"line":22,"column":23}},"17":{"start":{"line":23,"column":10},"end":{"line":25,"column":11}},"18":{"start":{"line":24,"column":12},"end":{"line":24,"column":55}},"19":{"start":{"line":26,"column":25},"end":{"line":26,"column":27}},"20":{"start":{"line":27,"column":10},"end":{"line":45,"column":13}},"21":{"start":{"line":28,"column":12},"end":{"line":30,"column":13}},"22":{"start":{"line":29,"column":16},"end":{"line":29,"column":169}},"23":{"start":{"line":31,"column":23},"end":{"line":41,"column":13}},"24":{"start":{"line":42,"column":12},"end":{"line":42,"column":32}},"25":{"start":{"line":43,"column":12},"end":{"line":43,"column":52}},"26":{"start":{"line":44,"column":12},"end":{"line":44,"column":30}},"27":{"start":{"line":47,"column":10},"end":{"line":67,"column":15}},"28":{"start":{"line":52,"column":16},"end":{"line":57,"column":18}},"29":{"start":{"line":58,"column":16},"end":{"line":60,"column":19}},"30":{"start":{"line":63,"column":14},"end":{"line":66,"column":17}},"31":{"start":{"line":70,"column":8},"end":{"line":70,"column":27}},"32":{"start":{"line":71,"column":8},"end":{"line":73,"column":11}},"33":{"start":{"line":78,"column":25},"end":{"line":98,"column":1}},"34":{"start":{"line":79,"column":4},"end":{"line":97,"column":6}},"35":{"start":{"line":80,"column":8},"end":{"line":96,"column":9}},"36":{"start":{"line":81,"column":24},"end":{"line":81,"column":45}},"37":{"start":{"line":82,"column":23},"end":{"line":82,"column":25}},"38":{"start":{"line":84,"column":12},"end":{"line":91,"column":14}},"39":{"start":{"line":85,"column":26},"end":{"line":85,"column":28}},"40":{"start":{"line":86,"column":16},"end":{"line":86,"column":31}},"41":{"start":{"line":87,"column":16},"end":{"line":87,"column":43}},"42":{"start":{"line":88,"column":16},"end":{"line":88,"column":45}},"43":{"start":{"line":90,"column":16},"end":{"line":90,"column":31}},"44":{"start":{"line":93,"column":12},"end":{"line":93,"column":25}},"45":{"start":{"line":95,"column":12},"end":{"line":95,"column":92}},"46":{"start":{"line":100,"column":25},"end":{"line":133,"column":1}},"47":{"start":{"line":101,"column":4},"end":{"line":132,"column":6}},"48":{"start":{"line":102,"column":8},"end":{"line":131,"column":9}},"49":{"start":{"line":103,"column":10},"end":{"line":103,"column":28}},"50":{"start":{"line":104,"column":12},"end":{"line":127,"column":13}},"51":{"start":{"line":105,"column":27},"end":{"line":105,"column":52}},"52":{"start":{"line":106,"column":35},"end":{"line":106,"column":90}},"53":{"start":{"line":107,"column":27},"end":{"line":107,"column":60}},"54":{"start":{"line":108,"column":16},"end":{"line":108,"column":42}},"55":{"start":{"line":109,"column":27},"end":{"line":109,"column":69}},"56":{"start":{"line":117,"column":16},"end":{"line":117,"column":49}},"57":{"start":{"line":119,"column":25},"end":{"line":119,"column":86}},"58":{"start":{"line":120,"column":16},"end":{"line":120,"column":31}},"59":{"start":{"line":121,"column":16},"end":{"line":126,"column":17}},"60":{"start":{"line":122,"column":20},"end":{"line":122,"column":56}},"61":{"start":{"line":123,"column":20},"end":{"line":125,"column":23}},"62":{"start":{"line":129,"column":12},"end":{"line":129,"column":29}},"63":{"start":{"line":130,"column":12},"end":{"line":130,"column":31}},"64":{"start":{"line":135,"column":0},"end":{"line":139,"column":1}}},"fnMap":{"0":{"name":"(anonymous_0)","decl":{"start":{"line":12,"column":15},"end":{"line":12,"column":16}},"loc":{"start":{"line":12,"column":25},"end":{"line":76,"column":1}},"line":12},"1":{"name":"(anonymous_1)","decl":{"start":{"line":13,"column":23},"end":{"line":13,"column":24}},"loc":{"start":{"line":13,"column":50},"end":{"line":75,"column":5}},"line":13},"2":{"name":"(anonymous_2)","decl":{"start":{"line":20,"column":32},"end":{"line":20,"column":33}},"loc":{"start":{"line":20,"column":42},"end":{"line":68,"column":9}},"line":20},"3":{"name":"(anonymous_3)","decl":{"start":{"line":27,"column":23},"end":{"line":27,"column":24}},"loc":{"start":{"line":27,"column":36},"end":{"line":45,"column":11}},"line":27},"4":{"name":"(anonymous_4)","decl":{"start":{"line":50,"column":18},"end":{"line":50,"column":19}},"loc":{"start":{"line":50,"column":24},"end":{"line":61,"column":13}},"line":50},"5":{"name":"(anonymous_5)","decl":{"start":{"line":62,"column":19},"end":{"line":62,"column":20}},"loc":{"start":{"line":62,"column":30},"end":{"line":67,"column":13}},"line":62},"6":{"name":"(anonymous_6)","decl":{"start":{"line":78,"column":25},"end":{"line":78,"column":26}},"loc":{"start":{"line":78,"column":31},"end":{"line":98,"column":1}},"line":78},"7":{"name":"(anonymous_7)","decl":{"start":{"line":79,"column":23},"end":{"line":79,"column":24}},"loc":{"start":{"line":79,"column":50},"end":{"line":97,"column":5}},"line":79},"8":{"name":"(anonymous_8)","decl":{"start":{"line":84,"column":22},"end":{"line":84,"column":23}},"loc":{"start":{"line":84,"column":30},"end":{"line":91,"column":13}},"line":84},"9":{"name":"(anonymous_9)","decl":{"start":{"line":100,"column":25},"end":{"line":100,"column":26}},"loc":{"start":{"line":100,"column":49},"end":{"line":133,"column":1}},"line":100},"10":{"name":"(anonymous_10)","decl":{"start":{"line":101,"column":23},"end":{"line":101,"column":24}},"loc":{"start":{"line":101,"column":50},"end":{"line":132,"column":5}},"line":101}},"branchMap":{"0":{"loc":{"start":{"line":15,"column":8},"end":{"line":17,"column":9}},"type":"if","locations":[{"start":{"line":15,"column":8},"end":{"line":17,"column":9}},{"start":{},"end":{}}],"line":15},"1":{"loc":{"start":{"line":23,"column":10},"end":{"line":25,"column":11}},"type":"if","locations":[{"start":{"line":23,"column":10},"end":{"line":25,"column":11}},{"start":{},"end":{}}],"line":23},"2":{"loc":{"start":{"line":23,"column":13},"end":{"line":23,"column":37}},"type":"binary-expr","locations":[{"start":{"line":23,"column":13},"end":{"line":23,"column":17}},{"start":{"line":23,"column":21},"end":{"line":23,"column":37}}],"line":23},"3":{"loc":{"start":{"line":28,"column":12},"end":{"line":30,"column":13}},"type":"if","locations":[{"start":{"line":28,"column":12},"end":{"line":30,"column":13}},{"start":{},"end":{}}],"line":28},"4":{"loc":{"start":{"line":95,"column":29},"end":{"line":95,"column":89}},"type":"binary-expr","locations":[{"start":{"line":95,"column":29},"end":{"line":95,"column":40}},{"start":{"line":95,"column":44},"end":{"line":95,"column":89}}],"line":95},"5":{"loc":{"start":{"line":104,"column":12},"end":{"line":127,"column":13}},"type":"if","locations":[{"start":{"line":104,"column":12},"end":{"line":127,"column":13}},{"start":{"line":118,"column":19},"end":{"line":127,"column":13}}],"line":104},"6":{"loc":{"start":{"line":104,"column":15},"end":{"line":104,"column":64}},"type":"binary-expr","locations":[{"start":{"line":104,"column":15},"end":{"line":104,"column":20}},{"start":{"line":104,"column":24},"end":{"line":104,"column":38}},{"start":{"line":104,"column":42},"end":{"line":104,"column":64}}],"line":104},"7":{"loc":{"start":{"line":105,"column":27},"end":{"line":105,"column":52}},"type":"binary-expr","locations":[{"start":{"line":105,"column":27},"end":{"line":105,"column":33}},{"start":{"line":105,"column":37},"end":{"line":105,"column":52}}],"line":105},"8":{"loc":{"start":{"line":121,"column":16},"end":{"line":126,"column":17}},"type":"if","locations":[{"start":{"line":121,"column":16},"end":{"line":126,"column":17}},{"start":{},"end":{}}],"line":121},"9":{"loc":{"start":{"line":121,"column":19},"end":{"line":121,"column":33}},"type":"binary-expr","locations":[{"start":{"line":121,"column":19},"end":{"line":121,"column":21}},{"start":{"line":121,"column":25},"end":{"line":121,"column":33}}],"line":121}},"s":{"0":2,"1":2,"2":2,"3":2,"4":2,"5":2,"6":2,"7":2,"8":2,"9":2,"10":4,"11":4,"12":4,"13":1,"14":3,"15":0,"16":0,"17":0,"18":0,"19":0,"20":0,"21":0,"22":0,"23":0,"24":0,"25":0,"26":0,"27":0,"28":0,"29":0,"30":0,"31":3,"32":3,"33":2,"34":3,"35":3,"36":3,"37":2,"38":2,"39":2,"40":2,"41":2,"42":2,"43":2,"44":2,"45":1,"46":2,"47":0,"48":0,"49":0,"50":0,"51":0,"52":0,"53":0,"54":0,"55":0,"56":0,"57":0,"58":0,"59":0,"60":0,"61":0,"62":0,"63":0,"64":2},"f":{"0":4,"1":4,"2":0,"3":0,"4":0,"5":0,"6":3,"7":3,"8":2,"9":0,"10":0},"b":{"0":[1,3],"1":[0,0],"2":[0,0],"3":[0,0],"4":[1,0],"5":[0,0],"6":[0,0,0],"7":[0,0],"8":[0,0],"9":[0,0]},"_coverageSchema":"1a1c01bbd47fc00a2c39e90264f33305004495a9","hash":"250ce7deb21dfb1df591a5144be6b9184dabe8e2"}
}
