TN:
SF:app\controllers\excel.controller.js
FN:23,(anonymous_0)
FN:26,(anonymous_1)
FN:29,(anonymous_2)
FN:34,(anonymous_3)
FN:37,(anonymous_4)
FN:40,(anonymous_5)
FN:45,(anonymous_6)
FN:52,(anonymous_7)
FN:59,(anonymous_8)
FNF:9
FNH:0
FNDA:0,(anonymous_0)
FNDA:0,(anonymous_1)
FNDA:0,(anonymous_2)
FNDA:0,(anonymous_3)
FNDA:0,(anonymous_4)
FNDA:0,(anonymous_5)
FNDA:0,(anonymous_6)
FNDA:0,(anonymous_7)
FNDA:0,(anonymous_8)
DA:8,1
DA:9,1
DA:10,1
DA:11,1
DA:13,1
DA:14,1
DA:15,1
DA:16,1
DA:17,1
DA:18,1
DA:19,1
DA:20,1
DA:21,1
DA:23,1
DA:24,0
DA:25,0
DA:27,0
DA:30,0
DA:34,1
DA:35,0
DA:36,0
DA:38,0
DA:41,0
DA:45,1
DA:46,0
DA:47,0
DA:48,0
DA:49,0
DA:50,0
DA:51,0
DA:53,0
DA:54,0
DA:57,0
DA:60,0
DA:61,0
DA:64,0
DA:65,0
DA:69,0
DA:70,0
DA:74,1
LF:40
LH:17
BRDA:48,0,0,0
BRDA:48,0,1,0
BRDA:48,0,2,0
BRDA:50,1,0,0
BRDA:50,1,1,0
BRF:5
BRH:0
end_of_record
TN:
SF:app\helpers\excel.helper.js
FN:3,(anonymous_0)
FN:20,(anonymous_1)
FN:41,(anonymous_2)
FN:67,(anonymous_3)
FNF:4
FNH:0
FNDA:0,(anonymous_0)
FNDA:0,(anonymous_1)
FNDA:0,(anonymous_2)
FNDA:0,(anonymous_3)
DA:1,3
DA:3,3
DA:4,0
DA:5,0
DA:11,0
DA:13,0
DA:16,0
DA:20,3
DA:21,0
DA:22,0
DA:23,0
DA:24,0
DA:26,0
DA:27,0
DA:29,0
DA:30,0
DA:32,0
DA:33,0
DA:35,0
DA:37,0
DA:41,3
DA:42,0
DA:43,0
DA:55,0
DA:56,0
DA:59,0
DA:63,0
DA:67,3
DA:68,0
DA:69,0
DA:70,0
DA:72,0
DA:73,0
DA:75,0
DA:78,0
DA:82,3
LF:36
LH:6
BRDA:5,0,0,0
BRDA:5,0,1,0
BRDA:5,1,0,0
BRDA:5,1,1,0
BRDA:5,1,2,0
BRDA:5,1,3,0
BRDA:5,1,4,0
BRDA:5,1,5,0
BRDA:5,1,6,0
BRDA:23,2,0,0
BRDA:23,2,1,0
BRDA:26,3,0,0
BRDA:26,3,1,0
BRDA:29,4,0,0
BRDA:29,4,1,0
BRDA:32,5,0,0
BRDA:32,5,1,0
BRDA:55,6,0,0
BRDA:55,6,1,0
BRDA:69,7,0,0
BRDA:69,7,1,0
BRDA:69,8,0,0
BRDA:69,8,1,0
BRDA:72,9,0,0
BRDA:72,9,1,0
BRDA:72,10,0,0
BRDA:72,10,1,0
BRF:27
BRH:0
end_of_record
TN:
SF:app\helpers\util.helper.js
FN:1,(anonymous_0)
FN:5,(anonymous_1)
FN:15,(anonymous_2)
FN:23,(anonymous_3)
FNF:4
FNH:0
FNDA:0,(anonymous_0)
FNDA:0,(anonymous_1)
FNDA:0,(anonymous_2)
FNDA:0,(anonymous_3)
DA:1,4
DA:2,0
DA:5,4
DA:6,0
DA:7,0
DA:8,0
DA:11,0
DA:15,4
DA:16,0
DA:17,0
DA:19,0
DA:23,4
DA:24,0
DA:28,4
LF:14
LH:5
BRDA:7,0,0,0
BRDA:7,0,1,0
BRDA:15,1,0,0
BRDA:16,2,0,0
BRDA:16,2,1,0
BRDA:17,3,0,0
BRDA:17,3,1,0
BRF:7
BRH:0
end_of_record
TN:
SF:app\models\index.js
FNF:0
FNH:0
DA:1,8
DA:3,8
DA:4,8
DA:19,8
DA:21,8
DA:22,8
DA:24,8
DA:25,8
DA:26,8
DA:28,8
LF:10
LH:10
BRF:0
BRH:0
end_of_record
TN:
SF:app\services\excel.service.js
FN:12,(anonymous_0)
FN:13,(anonymous_1)
FN:46,(anonymous_2)
FN:108,(anonymous_3)
FN:122,(anonymous_4)
FN:142,(anonymous_5)
FN:143,(anonymous_6)
FNF:7
FNH:4
FNDA:6,(anonymous_0)
FNDA:6,(anonymous_1)
FNDA:0,(anonymous_2)
FNDA:0,(anonymous_3)
FNDA:0,(anonymous_4)
FNDA:3,(anonymous_5)
FNDA:3,(anonymous_6)
DA:1,3
DA:2,3
DA:3,3
DA:4,3
DA:6,3
DA:7,3
DA:8,3
DA:9,3
DA:10,3
DA:12,3
DA:13,6
DA:14,6
DA:15,6
DA:16,1
DA:17,1
DA:19,5
DA:20,5
DA:21,5
DA:22,5
DA:23,5
DA:24,5
DA:27,5
DA:30,5
DA:31,5
DA:32,5
DA:33,3
DA:34,3
DA:36,2
DA:37,2
DA:39,2
DA:40,2
DA:41,2
DA:42,2
DA:45,0
DA:46,0
DA:47,0
DA:48,0
DA:49,0
DA:50,0
DA:51,0
DA:53,0
DA:54,0
DA:55,0
DA:56,0
DA:57,0
DA:59,0
DA:60,0
DA:61,0
DA:62,0
DA:64,0
DA:65,0
DA:66,0
DA:68,0
DA:69,0
DA:75,0
DA:76,0
DA:77,0
DA:78,0
DA:79,0
DA:81,0
DA:82,0
DA:94,0
DA:101,0
DA:102,0
DA:104,0
DA:105,0
DA:109,0
DA:111,0
DA:112,0
DA:117,0
DA:118,0
DA:123,0
DA:124,0
DA:130,0
DA:131,0
DA:134,0
DA:135,0
DA:142,3
DA:143,3
DA:144,3
DA:145,3
DA:146,3
DA:151,2
DA:152,1
DA:153,1
DA:155,1
DA:156,1
DA:159,1
DA:160,1
DA:166,3
LF:90
LH:46
BRDA:15,0,0,1
BRDA:15,0,1,5
BRDA:32,1,0,3
BRDA:32,1,1,2
BRDA:39,2,0,2
BRDA:39,2,1,0
BRDA:39,3,0,2
BRDA:39,3,1,2
BRDA:39,3,2,2
BRDA:45,4,0,0
BRDA:45,4,1,0
BRDA:45,5,0,0
BRDA:45,5,1,0
BRDA:47,6,0,0
BRDA:47,6,1,0
BRDA:49,7,0,0
BRDA:49,7,1,0
BRDA:56,8,0,0
BRDA:56,8,1,0
BRDA:56,9,0,0
BRDA:56,9,1,0
BRDA:61,10,0,0
BRDA:61,10,1,0
BRDA:62,11,0,0
BRDA:62,11,1,0
BRDA:64,12,0,0
BRDA:64,12,1,0
BRDA:75,13,0,0
BRDA:75,13,1,0
BRDA:75,14,0,0
BRDA:75,14,1,0
BRDA:77,15,0,0
BRDA:77,15,1,0
BRDA:104,16,0,0
BRDA:104,16,1,0
BRDA:104,17,0,0
BRDA:104,17,1,0
BRDA:111,18,0,0
BRDA:111,18,1,0
BRDA:111,18,2,0
BRDA:151,19,0,1
BRDA:151,19,1,1
BRDA:151,20,0,2
BRDA:151,20,1,2
BRDA:160,21,0,1
BRDA:160,21,1,0
BRF:46
BRH:13
end_of_record
TN:
SF:app\services\request.service.js
FN:14,(anonymous_0)
FN:15,(anonymous_1)
FN:77,(anonymous_2)
FN:94,(anonymous_3)
FN:95,(anonymous_4)
FN:185,(anonymous_5)
FN:186,(anonymous_6)
FN:244,(anonymous_7)
FN:245,(anonymous_8)
FNF:9
FNH:6
FNDA:0,(anonymous_0)
FNDA:0,(anonymous_1)
FNDA:0,(anonymous_2)
FNDA:2,(anonymous_3)
FNDA:2,(anonymous_4)
FNDA:3,(anonymous_5)
FNDA:3,(anonymous_6)
FNDA:2,(anonymous_7)
FNDA:2,(anonymous_8)
DA:1,3
DA:2,3
DA:3,3
DA:4,3
DA:6,3
DA:7,3
DA:8,3
DA:9,3
DA:10,3
DA:11,3
DA:14,3
DA:15,0
DA:16,0
DA:18,0
DA:21,0
DA:24,0
DA:25,0
DA:26,0
DA:27,0
DA:30,0
DA:31,0
DA:32,0
DA:34,0
DA:35,0
DA:36,0
DA:37,0
DA:38,0
DA:39,0
DA:40,0
DA:41,0
DA:42,0
DA:43,0
DA:45,0
DA:46,0
DA:47,0
DA:50,0
DA:62,0
DA:63,0
DA:64,0
DA:65,0
DA:67,0
DA:68,0
DA:69,0
DA:71,0
DA:73,0
DA:74,0
DA:77,0
DA:78,0
DA:79,0
DA:85,0
DA:86,0
DA:87,0
DA:94,3
DA:95,2
DA:96,2
DA:97,2
DA:99,2
DA:100,2
DA:101,2
DA:102,2
DA:103,2
DA:104,2
DA:105,2
DA:106,2
DA:107,2
DA:108,2
DA:109,2
DA:111,2
DA:112,2
DA:113,2
DA:114,2
DA:116,2
DA:117,0
DA:119,2
DA:120,0
DA:122,2
DA:123,1
DA:124,1
DA:125,1
DA:127,2
DA:128,2
DA:129,1
DA:134,1
DA:139,1
DA:144,1
DA:149,1
DA:151,2
DA:159,1
DA:160,1
DA:163,1
DA:164,1
DA:165,1
DA:170,0
DA:171,0
DA:176,1
DA:177,1
DA:185,3
DA:186,3
DA:187,3
DA:188,3
DA:189,3
DA:190,1
DA:191,1
DA:195,2
DA:196,2
DA:197,2
DA:198,2
DA:203,2
DA:205,2
DA:217,2
DA:218,1
DA:219,9
DA:222,1
DA:224,1
DA:230,1
DA:231,1
DA:236,0
DA:237,0
DA:244,3
DA:245,2
DA:246,2
DA:247,2
DA:259,2
DA:268,2
DA:322,2
DA:323,1
DA:325,1
DA:326,1
DA:328,1
DA:329,1
DA:330,1
DA:331,1
DA:332,1
DA:333,1
DA:336,1
DA:337,1
DA:338,1
DA:339,1
DA:340,1
DA:341,1
DA:344,1
DA:345,1
DA:348,1
DA:353,3
LF:144
LH:97
BRDA:24,0,0,0
BRDA:24,0,1,0
BRDA:24,1,0,0
BRDA:24,1,1,0
BRDA:24,1,2,0
BRDA:45,2,0,0
BRDA:45,2,1,0
BRDA:45,3,0,0
BRDA:45,3,1,0
BRDA:45,3,2,0
BRDA:45,3,3,0
BRDA:45,3,4,0
BRDA:45,3,5,0
BRDA:45,3,6,0
BRDA:62,4,0,0
BRDA:62,4,1,0
BRDA:99,5,0,2
BRDA:99,5,1,2
BRDA:99,5,2,2
BRDA:99,5,3,0
BRDA:100,6,0,2
BRDA:100,6,1,2
BRDA:100,6,2,2
BRDA:100,6,3,0
BRDA:101,7,0,2
BRDA:101,7,1,2
BRDA:101,7,2,2
BRDA:102,8,0,2
BRDA:102,8,1,2
BRDA:103,9,0,2
BRDA:103,9,1,2
BRDA:104,10,0,2
BRDA:104,10,1,2
BRDA:105,11,0,2
BRDA:105,11,1,2
BRDA:106,12,0,2
BRDA:106,12,1,2
BRDA:107,13,0,2
BRDA:107,13,1,2
BRDA:107,13,2,2
BRDA:108,14,0,2
BRDA:108,14,1,2
BRDA:108,14,2,2
BRDA:109,15,0,2
BRDA:109,15,1,2
BRDA:113,16,0,2
BRDA:113,16,1,0
BRDA:116,17,0,0
BRDA:116,17,1,2
BRDA:119,18,0,0
BRDA:119,18,1,2
BRDA:122,19,0,1
BRDA:122,19,1,1
BRDA:122,20,0,2
BRDA:122,20,1,1
BRDA:128,21,0,1
BRDA:128,21,1,1
BRDA:164,22,0,1
BRDA:164,22,1,0
BRDA:189,23,0,1
BRDA:189,23,1,2
BRDA:189,24,0,3
BRDA:189,24,1,3
BRDA:217,25,0,1
BRDA:217,25,1,1
BRDA:217,26,0,2
BRDA:217,26,1,1
BRDA:328,27,0,1
BRDA:328,27,1,0
BRDA:328,28,0,1
BRDA:328,28,1,1
BRDA:328,28,2,1
BRDA:336,29,0,1
BRDA:336,29,1,0
BRDA:336,30,0,1
BRDA:336,30,1,1
BRDA:336,30,2,1
BRF:77
BRH:53
end_of_record
